{"__ans__": 15.199284658528383, "question_key": "AAEAAABtG1cnA9itZ06treNhnpfh9wOuNYKiuF/GJpCrIMVK"}
{"__ans__": 17.986510334076844, "question_key": "AAEAANCzNE+MEUdf5over5kAse0SgAE4dNP1mHPLfGFwDsm6"}
{"__ans__": 85.49053970148765, "question_key": "AAEAAJyMgySaY6Rw1uvSbuH/gssqHa+QCPteaBol6jzlH979"}
{"__ans__": 23.3822845148157, "question_key": "AAEAADCOHXnV/uRrvOzICLvgo8pFOE9XSSIBgr6dDXJ4Zyh0"}
{"__ans__": 49.617798713132295, "question_key": "AAEAABATV1IhBiAlN0Fz+UVrPMcUV749kh3bmJZqSfLrNkol"}
{"__ans__": 20.689087159037236, "question_key": "AAEAAI3mI/5Irybw0seKDxGSBwYrpd0w0tI0V249YPsHdW7I"}
{"__ans__": 14.490053032747044, "question_key": "AAEAAJ7bk3GkpMIj0d3c2KCO/S1HqKHGQXQiMOHtx03gMZEX"}
{"__ans__": 31.808628922583516, "question_key": "AAEAAHmzey28kxvC5+1F2g+3u34OK2mrIa24U/QdHxHrnL/M"}
{"__ans__": 39.380579679196735, "question_key": "AAEAAF444viKVl71HozxTwHXSz05aTo90pHfXtOpRevo789N"}
{"__ans__": 61.94130929601468, "question_key": "AAEAADiBBGqHTDsRIeeVprdcMgTWYMuZUAoy39NMyELy4QFy"}
{"__ans__": 17.53040512135924, "question_key": "AAEAAKtryoMbLwBApm/0gO3pDgXwmlai10zehIToAYbrZjgo"}
{"__ans__": 40.23892325267946, "question_key": "AAEAAF7GUjj7Bz3JB4kcURZwOj36kHz7ECQMIk69jFdCIMWJ"}
{"__ans__": 40.79298869020411, "question_key": "AAEAAKMrHKGctsapXA/QFlfX9z2H14knS0VYFLcH4HBUooGY"}
{"__ans__": 75.81176196540981, "question_key": "AAEAAJPmFsRo5U8j6O8gZLDdZqoG+3D/2cheBLXpJARXMbAq"}
{"__ans__": 36.58857399735792, "question_key": "AAEAAClIcxXdJA8UEuMxUtoAJzFJd3YqzM5Sw60A8hj32EG5"}
{"__ans__": 51.832902587852274, "question_key": "AAEAAEwSnhqQwYzXTcALn1JylcEQJuP2o3Hr0Vk+NGjgG2Ez"}
{"__ans__": 68.76030086280105, "question_key": "AAEAADBoMjsw4sejq4Dr5VViPpmyoH9Nd9Qx8+121zVPHcs6"}
{"__ans__": 41.73607903955867, "question_key": "AAEAAMgzun94bMej8obaqlcHAH+t9a+n26d7FgymgWXuL9W5"}
{"__ans__": 28.643682336060465, "question_key": "AAEAANLSaQEYiC+HAEG4YxM+2VOX9vnRaJbRb7YlrPHmZdSL"}
{"__ans__": 16.242900040412554, "question_key": "AAEAAEo0OPJMJJMhDTOQcV2OBqh9MoSi3cUtsQvlnts5ABM1"}
{"__ans__": 27.45665175225415, "question_key": "AAEAACW57GlBM0ITWZQ9nPXD6fPiUT35cYPMH8GYKfCGJ+mE"}
{"__ans__": 13.362358546617397, "question_key": "AAEAABeGM74x2mqYuQ7fQVh15L4O4tirm31ZqcktgMwQj5jK"}
{"__ans__": 26.76601123422024, "question_key": "AAEAAPwFQ7lyZPQktoOnHQyt4yoru7eVQw+qFHAVC7hg6/aK"}
{"__ans__": 38.97009894909492, "question_key": "AAEAAEiAQnEtidj65PqNSZ+zmf6I6V9uodBSQlnLpg/S2q6w"}
{"__ans__": 25.276238456861048, "question_key": "AAEAAFwCC0SFBeJpVlLaAn7Ha6QadC+djdiv5pFj2zLnkUin"}
{"__ans__": 64.01706195625837, "question_key": "AAEAAD1IRgT0YHEJfMRSndRyal5Pwk2TWv3FZ1ncySGIs2po"}
{"__ans__": 10.73367809241524, "question_key": "AAEAANnWkUCHKcCKMf5bsckhiQ5W6/s6TY9fWIet+ZcrS/NP"}
{"__ans__": 25.411499325120133, "question_key": "AAEAALTKUnm69uKqbPu7n+DEzpvx7OApBLKEaOWOw+MWjfQ3"}
{"__ans__": 43.784074415735915, "question_key": "AAEAAAfz+wMz7qyHPAjCNsAdhp5kby5L/kA79euZ+HFcIByw"}
{"__ans__": 28.906229387102073, "question_key": "AAEAAPDTqucFwvx4C63JfM7hNI6o9UfQgbp+SwuBtelFIQiG"}
{"__ans__": 31.406976857368726, "question_key": "AAEAAGKMCtbr3Rf6Q9zUxx0ZPiEs/Lgl267u1CPfgDA+s+AZ"}
{"__ans__": 15.154510265190416, "question_key": "AAEAAM/DRd1O1kcCZB8nqpNMSFdBP/NTf//EQhXha3qcMUGs"}
{"__ans__": 20.928179810200586, "question_key": "AAEAAFef304KdOrTKH35cjNdgLVxiZ92Alo0ODy/7LFjLkxF"}
{"__ans__": 22.172064704843113, "question_key": "AAEAAO1Xe766auRcL+eoa9668fmllxBZjMVMNm0TW6E3BDuc"}
{"__ans__": 35.997355658556806, "question_key": "AAEAAL+twIfg+RzWyKcSiry+1pEhBL4k/Qv3PNbjfbtIwUG2"}
{"__ans__": 18.059784521777573, "question_key": "AAEAAFnEF1dMySRn6/NEngDtjFk5KEDLLDLC8o+T19x16UFv"}
{"__ans__": 36.15890980278017, "question_key": "AAEAAPd8y7BIioZmQ5sHhfbnU3C39kIa3rJyo+8eImN2xrKI"}
{"__ans__": 56.35344217775386, "question_key": "AAEAAIIj7Abum4A+7/BveJ/WZoWyhcFo+m3FyURm9Jca5Lw5"}
{"__ans__": 23.9376031037654, "question_key": "AAEAAAwLP+xzgHvSo/aR96sPoEzq5zhJGT5yd7n9ITi+g6nq"}
{"__ans__": 18.50530272405992, "question_key": "AAEAAI9d04+giEgAqvkPQsMsG3KJMZkWUHZHqEIKy3zR8EKL"}
{"__ans__": 47.376185627771775, "question_key": "AAEAAGy7i8lKJHqin/BbYCHT4Bub3nF337HDUNgOD/3SuWvg"}
{"__ans__": 16.287345648831334, "question_key": "AAEAAM2MXhongeKeWybg7VtALAccrXln+FbBeEOsNvrZHJJj"}
{"__ans__": 13.596537395182022, "question_key": "AAEAANyhjyV9yvYmAY1Jjw+BcL3HWPQq/uQgEea1dGjmwGHw"}
{"__ans__": 16.96678250803695, "question_key": "AAEAANjIenW1SzssY6926NS8xm8vatTjSBOxzo/VxgpKNe3e"}
{"__ans__": 24.88715925694788, "question_key": "AAEAAASvYLuHz6U3xqPeZMf2Bc2lZ54hUX1M9ZOVgdm0v3/w"}
{"__ans__": 47.10669591941397, "question_key": "AAEAAOQKVWTB8z8gcQIwrmgcnR+3RmM6Vq7W97UavnDzRm/J"}
{"__ans__": 49.68949202802427, "question_key": "AAEAAJ08ZnzkA0VW9SU1UeXzfWl0wod4kCeOcSbhMpGPlCXC"}
{"__ans__": 54.72121326417286, "question_key": "AAEAAKUzxMY1pYcyYF0opWzvpym76iQEbKhREefXGOTkq8Ed"}
{"__ans__": 16.924711699795495, "question_key": "AAEAAD5CsjyQirjGWIzQXGR0Byh+60pXe0nWu/wJ5Tq/oDZj"}
{"__ans__": 24.367910112345463, "question_key": "AAEAAJMiqxOHighdlWGfRLWYhV9cf3LK+2doUJe2Qx5RdQ7J"}
{"__ans__": 43.96002642294202, "question_key": "AAEAAIi1RLdnpSNmII9I21Ak6zz92+r7seviHNxuUjF3xh+r"}
{"__ans__": 36.41477937366972, "question_key": "AAEAADkbqn/TT6zoVTLaU9/ZI2lRhXjmD388e41uzuuyfwzO"}
{"__ans__": 62.05404553036998, "question_key": "AAEAAAd9SI1Or3ZGjgxOdW2/P9Q2u2rtihtrdJEw2whZEIdv"}
{"__ans__": 17.277663486896998, "question_key": "AAEAAB1Rcv6HJs63ZWaye2n1XbLM8qZm8Jv0xMbrTC4WxWIZ"}
{"__ans__": 14.114976216508259, "question_key": "AAEAAHt7UBRQP3P2oap8YgNjh+leunQsXHaXBrz8gCiZytr9"}
{"__ans__": 21.529495737962264, "question_key": "AAEAAJEE/tKpUoQZWxKdZ6PFBYn+4Vt9aGdUJpw1zzZcDCpg"}
{"__ans__": 11.197867561793439, "question_key": "AAEAAJ3GPOcxpnn8nrZ/OFSnQMNGjeMve9HlXBmTHtRUP06c"}
{"__ans__": 46.22536138107954, "question_key": "AAEAAEikpG49PAQQWVvVDeF3+dUl4+20wR2h5MJSGmuvhxBm"}
{"__ans__": 8.275231637500399, "question_key": "AAEAALH7alYk1RWe5G/LLb5EnKjxMWxLKAhRonCBIKQhqkf5"}
{"__ans__": 47.386993602366275, "question_key": "AAEAAJNYWBog1QraR4BSLP0L7GN7OTpwHJMS/jhqHdyUMEjh"}
{"__ans__": 35.792046937888806, "question_key": "AAEAAOkuxGWrYej4Rfxkaa0OMYRgnE4cbrfxXbBKr6cGQsH/"}
{"__ans__": 13.212941855342654, "question_key": "AAEAAN0imdqnTd4bh0mlXuIBfaOVzLGihmrsatCppOELIjS6"}
{"__ans__": 49.57906664186997, "question_key": "AAEAALg863aKTPN/TakaiWRMt0HarcvEen84uQdSQPxOIMpo"}
{"__ans__": 40.96885495782069, "question_key": "AAEAADvSb41+PcNJ+Ie9okowsVBmOebfi9WK1Z44tlKcgUYt"}
{"__ans__": 30.617879400584723, "question_key": "AAEAAG7G1Pmw9AvB9KEtF/VdvVvDjJfjnp441ToXg/HjFy0Z"}
{"__ans__": 49.00808920061804, "question_key": "AAEAAG/d6F+9PpqEj7uE5Xa/C+W9jlevT73a0PovQ1432Wil"}
{"__ans__": 22.078838627539497, "question_key": "AAEAAJ2evdGuFrBwbnt5ZXkH2Ywi3vDq3HXwwiqjCaaO1k/7"}
{"__ans__": 38.15865246028401, "question_key": "AAEAALGEFDo3sv+K0cdI+ugVRwpno5Gha3yaLWwr3/GmSZaR"}
{"__ans__": 15.679137049277537, "question_key": "AAEAADTbcGtkRdFvBvZp0IzHLT+XJol4xeVumblTzHOEun/q"}
{"__ans__": 41.44864755871673, "question_key": "AAEAACBv6MU80Qcpa1y/kGXHLI8M6YYzWGTJ8nJw3f5iV0cn"}
{"__ans__": 58.007152824170234, "question_key": "AAEAACAdJTu+btfe+O1PJ+s3dXPO17MIMFXsxyL+4d4I+9i5"}
{"__ans__": 35.25742833559816, "question_key": "AAEAAAQmw+DSbBSLpIXMkvtSkdxGfc11mFsjCCVMGFBEzFur"}
{"__ans__": 23.879191632891743, "question_key": "AAEAAP41CHWkv70ZcxVF20tYSsG6ufgA/O2P04vLRvNvH8Ka"}
{"__ans__": 29.41215821700477, "question_key": "AAEAAOblZ3ZBU2PCY7rUueqwGcX9VeABXlLn/gnKe8tmBA+r"}
{"__ans__": 49.24141881520851, "question_key": "AAEAADa0daeANagNKbzcjcJtePH9zjzf3LpCzdne8w7fYd/N"}
{"__ans__": 22.773991491806605, "question_key": "AAEAAHsA3oXDqAC1Phk7wGuuGJVUwRgMrO/lDKWtnu9kADRy"}
{"__ans__": 46.1858103189484, "question_key": "AAEAAJyIsGqDpbQZmaGTJWsIpcExWxoehpEzN6oYP7HVCRHr"}
{"__ans__": 48.34378702929851, "question_key": "AAEAAMyEdncF8zGUKT5T3yS/KKgXsxeXoNslM2cIqk7eyFFu"}
{"__ans__": 24.3133255477212, "question_key": "AAEAAAQempuhwa2oQi4Xpjepyb6cY+0xZhkgWs+OlNF/TdQj"}
{"__ans__": 26.954896964544307, "question_key": "AAEAALf6/vI4G+EPahwEbaKIooTM5iwkc4MDFtTdakxHG2wt"}
{"__ans__": 71.4745383143902, "question_key": "AAEAABwRHxWrchgXA8CFhb9OrXn6IsNzU5D06E1t7lZbgwIY"}
{"__ans__": 22.06262541811035, "question_key": "AAEAAPblT7XvGIXEqBtXWxgzla9dKAMI3t+ECiqLHzlxqlBN"}
{"__ans__": 63.48450535750566, "question_key": "AAEAAMW4SVF9Vyd4SNxvuuQ8iuRc/e5HR4PCnllpu2nEvtdy"}
{"__ans__": 9.398957102156894, "question_key": "AAEAAFobNkSWbZo0deHCib9XYq1du04kSsALIsQxdgbI4fGU"}
{"__ans__": 14.752606412293849, "question_key": "AAEAALvCm5IIm1Lgnw9HDutZoH4Y4V7lDGbAHWikq26DnXF8"}
{"__ans__": 14.850241731336677, "question_key": "AAEAANq9sU/Dr23Pbfpj5x8k6m8aTSHLXVVDlpUG0pXMoca2"}
{"__ans__": 46.17220433785487, "question_key": "AAEAABVk7Uugc0p1lo9iCJ2fjxLUA9DBWXIhfOjcLzOCNEcA"}
{"__ans__": 25.574495916122054, "question_key": "AAEAAEkBqcyVZtjZH3MF/DG7NSH1TODQCnif9tYpKFunZ61Z"}
{"__ans__": 46.130120312430485, "question_key": "AAEAAEgcIQJcMeIi/MjWvsgbFP1oNZG/NT44k/KqRmYN+oLm"}
{"__ans__": 38.23719877815651, "question_key": "AAEAAEHVaXHXWl5R2HpOh3eeBkqHLmN3aHkBMRQuxTgQfTQn"}
{"__ans__": 59.91558489747806, "question_key": "AAEAAG5ef2qP0InIy19F1N1vv9StAND3/uvcz+g2u6fIzSaq"}
{"__ans__": 38.10287434613378, "question_key": "AAEAAG5QNfE3oa02igFgp1A18gx3KVcJCUF+eRfN5AOKVhrq"}
{"__ans__": 51.92734637602038, "question_key": "AAEAAF/88U/GTb9Jm8i20gxCxqxvNiAGhJ1M2/Mg6vS/0b+4"}
{"__ans__": 22.727320079798016, "question_key": "AAEAABalWuxDprpLnfj5lOvt0Qe6X9+5CjWZDn9RwS2CzJYo"}
{"__ans__": 11.183040071553128, "question_key": "AAEAAOLJXcu76Nak403uMYfUcCOFmCgrRaGUxEL2nqqYAxp8"}
{"__ans__": 7.161262917965427, "question_key": "AAEAACviSxyAz8mp5xwkx7SuUr5NsciDcRtF/BRKzS4eS+uE"}
{"__ans__": 24.654778051643426, "question_key": "AAEAAGtF9qmMzu/E14CYobqWfWS2I9OQIp73In+bbAJI1SlB"}
{"__ans__": 50.67704993242277, "question_key": "AAEAAPoqpTLkzzRpajxLcNy8yOANWlr/58Ui3uE53F/4r6Qg"}
{"__ans__": 14.262021962516645, "question_key": "AAEAAHfa3mlqg7rAwb7WK9trL767QCtv4iv8/EJoKzPZplVq"}
{"__ans__": 8.172930531058888, "question_key": "AAEAAPNWDCncyFTNNb2bq71KelvE+qhEhHwBPevo1VZLBi24"}
{"__ans__": 66.62168099969121, "question_key": "AAEAAIt3p7KgBnERxO+VT3Mq5LsGvEsLExNQXCYWjla3HKom"}
{"__ans__": 20.04744722227129, "question_key": "AAEAAAMI+ajz6ax5H2/hA//og1BoESL1RGEw5u9vkeH1pf+1"}
{"__ans__": 18.50767173299175, "question_key": "AAEAABOoHGVscaFkjaK7/VxGfVpzLWqT99KXAF3YU33KMF5Z"}
{"__ans__": 16.75583795882985, "question_key": "AAEAAMTf5A6d26gBGg+7vIpimPh9qA7kZ8IJSrU/+QPoiAX9"}
{"__ans__": 15.638449069511116, "question_key": "AAEAAAZsmkci3/v+IETi45s7EXafwyZbx0JBGEdGt2ZLFHXS"}
{"__ans__": 13.089737191441182, "question_key": "AAEAAPQqkq0sW22LhF4+JHNGiKkSWmX05VhkbpAIUV9FLCX6"}
{"__ans__": 72.16571093620097, "question_key": "AAEAAH6anmqrFHv7xXwGowg0yyVbHjqCV3jStvjKJaEq+aqZ"}
{"__ans__": 25.203215234921345, "question_key": "AAEAABqOA0WaY0WMiq87430/NS5idD9gcQo8mzOagY3rYrGl"}
{"__ans__": 20.821770365196617, "question_key": "AAEAAE4y5SBv56cdSKVwByRg8eIq6uoQ3BoUA0bsfi3j7hVu"}
{"__ans__": 58.73824620068248, "question_key": "AAEAANSKeL+AKbCw1vZV9Es79WEcO6cXVazU2ssuBukxWVza"}
{"__ans__": 29.192585312653325, "question_key": "AAEAAGwesLKbtNSMbIxf0prCwqpuc9N0H+5qVqcQwUsTho00"}
{"__ans__": 15.42197040198898, "question_key": "AAEAALXD1um0ALQ0syT3Pg/6HnqNKTee9BVcCUPltiXOyI1l"}
{"__ans__": 17.076903334291533, "question_key": "AAEAALM85VuV7EHe/9On/YkV0x8Eixh92frgAo9TVC3unSZK"}
{"__ans__": 32.78480548626562, "question_key": "AAEAAGKdLEc8Goq9eXhxy9WlvQEsOhhtRuPlbT9CmQletuO/"}
{"__ans__": 38.16306334281162, "question_key": "AAEAANUaTf1uk37ngdbRUtVMM0rHIugnWMujVRKYvTjXzteB"}
{"__ans__": 28.301878366163802, "question_key": "AAEAALgZOD1rXgaPXCc24ma4vxyuPCfKMac1T9BlZn4O50Tz"}
{"__ans__": 29.336681123136266, "question_key": "AAEAADM1YzCHL8RcpA86xwDu+A/tQG6DIm7M64HWMedxW0/w"}
{"__ans__": 20.059977436548916, "question_key": "AAEAAFC6IYbrX2JeaS4s5ebrmVGfINW+uOOnZLM2cbZVY6Zw"}
{"__ans__": 14.128324172722797, "question_key": "AAEAAP+0MsjuFyKN13Ox9vyDKY4AYEHcrpdbytMBGiiCFN96"}
{"__ans__": 35.86019276605167, "question_key": "AAEAAPS/CdYi8UuLGki4u294cgA0vpFLva0Be3S/urPMwPMF"}
{"__ans__": 51.272496449708875, "question_key": "AAEAAG1Wtybdv+QvCrdUYcE9IOoPUCKkqD/MQvCe1VjzRIPv"}
{"__ans__": 36.278358043081084, "question_key": "AAEAAD4gVEWNwXxWn4ARLfAitR0feixkzK24LcPnJH95iBPE"}
{"__ans__": 52.207237713178245, "question_key": "AAEAAEKnJZx1RMWSOaFAqRPVDKTThtoCfiMKvRZf2ogNgKRQ"}
{"__ans__": 46.67530431095603, "question_key": "AAEAAHIFn5D/9hhNwuN8/++oox0HylX2L2zQY0NnzoHdKLaX"}
{"__ans__": 38.96773019482413, "question_key": "AAEAAAhGhZ+SX9Q0y2Edd7Nf3opu7XWqMQj61sG/TBq/Bm9Q"}
{"__ans__": 17.29443584474411, "question_key": "AAEAALWz8E9Z1SOeSeYTfazIFji5ovNo5Q/V34XtO+LaZ2Rg"}
{"__ans__": 14.591103652723856, "question_key": "AAEAAAqQLNcUsyrz81cfjBJix7tj5qKQ3QJX+EoWErZ3WQHA"}
{"__ans__": 54.692479116116324, "question_key": "AAEAAEjy7NQg9r2bCt9H1hLakKPHUopLqq4railphu4T+Qkx"}
{"__ans__": 25.41820418828852, "question_key": "AAEAAFT7jCer3WLsvmqwhHC/lRy16pNQhMJlo9nl50LOVqer"}
{"__ans__": 25.382140972394584, "question_key": "AAEAAL9ZBNVIZgDx5NaI3bXFtv959Jvs33i5Bblgyb2Q0ezu"}
{"__ans__": 24.665084134615718, "question_key": "AAEAAE6ihyQxiqHPk83efrCyIK6cJIR33sphUduTVWq+7Gc5"}
{"__ans__": 53.33833300077299, "question_key": "AAEAAC7alqHGtmtl4jJOHLVn4HfK11DIq/llJvay+sap2jwS"}
{"__ans__": 11.98302369361785, "question_key": "AAEAAMCFzwnyfJXTbifHwJg7TmxiF34mTS2Sgd1aE7gbXWYz"}
{"__ans__": 12.531721974735483, "question_key": "AAEAALMAVbw2M2OOnGWj5+HZsnjGINH+QG/QcDq3g16mYPcx"}
{"__ans__": 50.51056186169036, "question_key": "AAEAADy5IzdTDmdPnaH7T4RGbysoRvwschGsMt2qmKIkLa0B"}
{"__ans__": 15.499638352413344, "question_key": "AAEAAHKdA8mzh8wWJ+enxCBowD8SozaFBDJU1xIz/5XPgXnP"}
{"__ans__": 9.102481018297725, "question_key": "AAEAAEOos2d+Vk51aClcYdDoOuW2GwPdtnUIqH5E6YXxk8gp"}
{"__ans__": 53.936821954779184, "question_key": "AAEAAIavGr39w/jnjLaDQwZDiC9R1pEK1IkuTTksnmJwAcFV"}
{"__ans__": 65.0905763597747, "question_key": "AAEAAKwkkgwcyBSTTOoaIkVXpc9oCEM0wyUktEQRdPh0qrdN"}
{"__ans__": 24.768270785963093, "question_key": "AAEAAHlua979VeAtjYeH0NGyYK12NpUJ5bx8LnJkbAtDyZg2"}
{"__ans__": 65.84537028667125, "question_key": "AAEAAG4pTX2TKVK75w52+ApMODNuQ1J1nHXcrclp66a1NM6/"}
{"__ans__": 35.93692310631116, "question_key": "AAEAABfW9fhvJvGtrFDDe0wA7L+ENFUQkvbrfrQebgxHyxE3"}
{"__ans__": 31.095845921126305, "question_key": "AAEAABRnHQ8d9MM/MUc9ng+I0aFf2BwvRU4ziUj0Oi8t4OQ6"}
{"__ans__": 24.71310296451681, "question_key": "AAEAAOI2XKZK7rblvqW3gCjsV6vRK89DlIdwFw6V9Uvm+xZ0"}
{"__ans__": 18.11265991097162, "question_key": "AAEAAOwQWCe0VbwEXpLG9Ew36gC/4ZEfH0FnMfOSkFGLtcmL"}
{"__ans__": 49.06602086995747, "question_key": "AAEAAA23T0CD/rjXs3YTlK278OAdnEGTEmbJO0CFCCa2a1vT"}
{"__ans__": 0.5399826602497667, "question_key": "AAEAAAqD0kZibLOaOXV4QGvAJ6z4xeBD86h5dbpJ9/PeH4PI"}
{"__ans__": 38.11624163251036, "question_key": "AAEAABzA9tbnMQLLCx+ApyJoM+z+xUckV8ebawhod3+A3Nyo"}
{"__ans__": 40.66264860163474, "question_key": "AAEAAMPMU5VAWhRnqfU/qRJpGSu8wM/WGVB0vr07Xmf8hE1x"}
{"__ans__": 33.477176037362035, "question_key": "AAEAAIszQatB7wk4P9wGJco8ciwY6MCn8Hptqm8lqSY/LrGR"}
{"__ans__": 40.74557485113038, "question_key": "AAEAAL/iQvbOzWFv+kj/5sWWPKYkinStu/RWkRfuUeD5zqDi"}
{"__ans__": 39.77137372859217, "question_key": "AAEAAEUK/Cev/vYxk2khnT2dhjQLb0eKpai0QHg4VeKjmh7K"}
{"__ans__": 33.97517576255972, "question_key": "AAEAAF6bpRiGd+NLHafsm5Ucq2Lu+G8eRzHM5SXIQkeVLHel"}
{"__ans__": 46.07480936829229, "question_key": "AAEAAGh+2uYhTreUPllqOWW9i3xrD2ipas73L7kdFCCP2ah2"}
{"__ans__": 16.45752250672848, "question_key": "AAEAAOtmTTIN3UIYFNLiawLlG4XWespwuz12grNjLBrSJrCH"}
{"__ans__": 31.13401544700705, "question_key": "AAEAAMPWba8/aI1WvHJ9Z9qsJ1HfbA4Ly8sKljkqn285If+5"}
{"__ans__": 44.545391907054615, "question_key": "AAEAALEEmTHnjiE487fJ/5xgLj2XaM29t8fvFg34unPeYC3F"}
{"__ans__": 46.808727637012005, "question_key": "AAEAAOWIl4ez5raYr9qCX5TApvWjugazrC5E/G7ndxgEYlUZ"}
{"__ans__": 27.53908354325692, "question_key": "AAEAAEvOF9ZO+AvVEKj60MLA81519+7AFj4NyCde1mvOsU5v"}
{"__ans__": 16.46745518474768, "question_key": "AAEAAPcZ9EL+GyLwLLFWCHU01NxakZoO1YdC684nm5d0WK8e"}
{"__ans__": 28.22825078506585, "question_key": "AAEAAMv9yvKgrndBWWoW8UEXrsFHeQxMwoYnWqr42BiSpgR9"}
{"__ans__": 27.261654245467415, "question_key": "AAEAAB7D802H1e7xp71xhc+VVRaNtOE8GUvQwEPifvaskCG+"}
{"__ans__": 26.451611132921666, "question_key": "AAEAACHyI1+EqoandEsC7zhlEcI23tu4mu7JRCAStb7NG1b9"}
{"__ans__": 47.46066061627584, "question_key": "AAEAAIh6L9hPE/fpUk0TtbSxmAYWSojTfYAjVvH+BYvXLTyi"}
{"__ans__": 18.928319580114238, "question_key": "AAEAAA5N290+EtWBBuTH1OMojhTcG/rhkRGiuV0dzaa1yRCT"}
{"__ans__": 19.68210672774339, "question_key": "AAEAAJ1+v2Ya+Nixp+bLGd4S5qbbItkHvCAliSgPc0ZWdYbP"}
{"__ans__": 54.52624391852711, "question_key": "AAEAACNPORG590vOFBHQEtjyNJHLUWYYReAfcrdBwPCGRV6B"}
{"__ans__": 41.25925979962351, "question_key": "AAEAALcm+TWS8KEcXvh4axKft9kt6F5vZhBrbBgAd28oQN98"}
{"__ans__": 36.19410044382012, "question_key": "AAEAAPdC3Fpngngpn4yoWidQ0JYHG+QjWZZNT3FnaGDzQD1D"}
{"__ans__": 36.4431471599777, "question_key": "AAEAAEi4OKdJtTFLhrZFjZN+73q4dLTs0rLTqiwQF7Sh37cg"}
{"__ans__": 41.810382130708895, "question_key": "AAEAACqwAlNfoAVuDUTiSG+Lygmek9/8RZydBQQKgH5l6a7L"}
{"__ans__": 24.939588181623442, "question_key": "AAEAAK5/rRp8LpJc7vjnpk8ikqkIFEF7RjXJynLwX35JKBVI"}
{"__ans__": 27.33011849573535, "question_key": "AAEAABIFFuMdzDn7ZcS1NX4seZE46FyEqAgwcRwX5EI3G65s"}
{"__ans__": 26.463635756766546, "question_key": "AAEAADqdYMuCtgwjKeAwkA1brd6fqmTl73AqYfOWyPl3Zv3p"}
{"__ans__": 20.84283931843105, "question_key": "AAEAAInAYKEw2DShktFoy2P+0nd7+cMKk/NI/jg4zFA0kTyr"}
{"__ans__": 51.77792789899351, "question_key": "AAEAANjG+Y/iQ2iu7lbka7NPfaX0N/mB6Vgam2zmMlUCVPLh"}
{"__ans__": 49.04060756311258, "question_key": "AAEAAMB3+E5BgU0FpQXWpO4WbUmdLd8jQXsP4nKsrBN4+4cb"}
{"__ans__": 41.532641139614256, "question_key": "AAEAAONxE/KQ8BB5lXp/taJXY75u8DYRfGd7XrNDW+qCvBvE"}
{"__ans__": 21.908762769165136, "question_key": "AAEAAF/kRA2iUjgFAZ6LcTMHg6Uz//ugJzE1nB116hsIUIZm"}
{"__ans__": 18.297605054869777, "question_key": "AAEAAHSaJ76/ThZdZdG9/VtGb4U/i+QytcBrZ+j/LAOpWp13"}
{"__ans__": 51.09259881371151, "question_key": "AAEAAMuqVOTtHMwN9SrdTnTXmvyG/jLRpbIDg9dTE9Gme7Vb"}
{"__ans__": 19.057508241987485, "question_key": "AAEAAJPd0V9qmAjUG54WQBd0mz2DHerMlwkdxahxPztBQ1Uq"}
{"__ans__": 34.72188782560593, "question_key": "AAEAANL26P6lUIriSMdGps5GAk1TAIP8g2wQd02GGmF9Touv"}
{"__ans__": 17.289774003983766, "question_key": "AAEAAFoi2Mc+l8GFNKDPevfqoeJKOHYm3N1rlgi9/hR/M2HR"}
{"__ans__": 33.9604516453216, "question_key": "AAEAAOAW52nh+gpAUblDy13iWm2RbBTFvNuP0fKN0c1ELupe"}
{"__ans__": 11.22365021382431, "question_key": "AAEAAFn0ZTp7lwyBAjZH/0BhpDbLMMytjmTfBe8vQcKADWvs"}
{"__ans__": 20.893455535563355, "question_key": "AAEAAPjPhznEyOnETCzBa6jLR9d6H/uilR8AryVhpJinHKc7"}
{"__ans__": 42.72312631850847, "question_key": "AAEAACSf8aEcINUOKTe7g8T0cyBnNLRe0tSndsOIPsEGlcyK"}
{"__ans__": 19.034336971550502, "question_key": "AAEAAMpeFJ5yOzLK3hduSxDjzmpn33EhgkSK7PKnLLDCNYpd"}
{"__ans__": 78.25552672146323, "question_key": "AAEAAKYEKT8L9cLBRa6ZBQQDP8H2qG/CpiJhDnFqgBpIcRmE"}
{"__ans__": 21.069896545185838, "question_key": "AAEAAOeZYJMn64XLnuFVP6RDb+wcvjxDepMBGQpTI7B3KU6K"}
{"__ans__": 28.99642997266815, "question_key": "AAEAACU4IGPxfnxQnn8HVgXQnO5DPc+dcDNlMVIeAmDE4iL/"}
{"__ans__": 29.55232469527726, "question_key": "AAEAAA9dOeitxRUc7kUTk1JbXKc+YUUe43UvSRx/bL1C4TWI"}
{"__ans__": 21.849265670817125, "question_key": "AAEAANSf8od6EBM23StXvTqv4YdqTV5dvlvhLC13S17eZ3OZ"}
{"__ans__": 15.604301922476603, "question_key": "AAEAAHLl1VG3/w/1gc12PolAH7tS3QI/D8RWB72GS7L7F+RP"}
{"__ans__": 16.96846012423051, "question_key": "AAEAABrWHgEoAPBPh3dHYIpNbfDlp5s9+CCBTdZdUWLFhJ18"}
{"__ans__": 17.40833654560334, "question_key": "AAEAAMDtAdvd2aTtvcgx3BL6qUCQQk7iErzO0vzwqXbnNkxl"}
{"__ans__": 46.491729015443276, "question_key": "AAEAAA5/q8Z6kbo/8O8Oa8rIQHDG925ev3rty7sjZlKKC48T"}
{"__ans__": 32.927344241724455, "question_key": "AAEAAAJT6Ld9jNxMI5Qj00DCa8D1Xqg8P++Hi1utcdjcb2dQ"}
{"__ans__": 16.844692019354525, "question_key": "AAEAACXJe4/ngaeJbL6LqyxRUePEvpd2AqyYyO8XX8jIXIaD"}
{"__ans__": 21.366091198605403, "question_key": "AAEAAP0xxGii554RjQkmq/l6w9EtK2odXk1vIrLynkcoaL9A"}
{"__ans__": 52.11546568386585, "question_key": "AAEAADYZqwzoUgFeLRb76eVW0FAeRHS3mVkakumySuSnBqcJ"}
{"__ans__": 37.47624533463161, "question_key": "AAEAAGZSh1l57e8fBseBobR6CBP58t1Kv2Qqr9IMahy/Oko7"}
{"__ans__": 22.274935631974802, "question_key": "AAEAAI5Lls+NHh7f0zvGnYtA7GEYVvP+XGxuGmIOOU/rT/F0"}
{"__ans__": 27.94386525055039, "question_key": "AAEAAGTeAsG4cGW2qyCjh9vcP6AIK/OFwgzorMRixIYVkSod"}
{"__ans__": 25.125567029593117, "question_key": "AAEAAC2YJgIMKsyVSuOkoRJKWKcx7Sz7LiR60IiW2zkP7zqn"}
{"__ans__": 40.22475530438104, "question_key": "AAEAAIRCyrPL/kcKO6swfOvb88k8UdSxMomWZtu2MZL2cJVA"}
{"__ans__": 16.97725277696038, "question_key": "AAEAAIyWt4gXf9Xtm9/xCV5EMFuHk2wU2xRwa5HRFcg6/j16"}
{"__ans__": 17.942956543459523, "question_key": "AAEAAN1Edsz48jPu4iTMIXoTiiyloanCeIrxgfZsBQr3jFky"}
{"__ans__": 28.35589859840431, "question_key": "AAEAAJ1Itv+3GfhyLrfGWFn7kWeUMOQraxSx5YYx7Ln5rwrH"}
{"__ans__": 41.87902452649963, "question_key": "AAEAAO/qRghj7Mt24En/KLmUh7zuLJuGNMZBwFeEjgMvQvkI"}
{"__ans__": 17.871770544428102, "question_key": "AAEAABfdY4NRHHkfrap9s9qDx1HWPHr3D7VqjlANddln0zKE"}
{"__ans__": 34.33421245985669, "question_key": "AAEAAKdnULGJNT5ITuyRKqngJi5VP3yZGVLj76v6lHi4Q7dS"}
{"__ans__": 19.602323055287584, "question_key": "AAEAAFy2QZ/nnFtyoVOh+UPzR9PhvXOfa26nXFPDJ+v1vcXg"}
{"__ans__": 17.155139758764737, "question_key": "AAEAAFGZ+lWL005OpKVZUbafZYLBzCwObZB76GpOpufzjcHx"}
{"__ans__": 12.346874488260319, "question_key": "AAEAAPWj0eYn0ppMYYCDy3URggCl2oTaqKeZpwvdkypuMQO9"}
{"__ans__": 19.616275404882796, "question_key": "AAEAAP+IMoQDyniJ6M47UWpxN4NSCTnm5egvL4IBc8CjBiMf"}
{"__ans__": 16.694703094388124, "question_key": "AAEAAO1g1xBC7BvdqHh9HvtROCY7OCcBZDaSXuOnbxxq98NE"}
{"__ans__": 57.22027765505036, "question_key": "AAEAAK6HhggZVc2tMPHMVGbLjpUCPMbDpZ9YLPon9QKAAQhL"}
{"__ans__": 55.901030826390695, "question_key": "AAEAADgpDKn7GiZ5ngkULLhgx7xZ8DM2HMtlOxBazFFOMaBH"}
{"__ans__": 15.898366985772062, "question_key": "AAEAAIRKw8NzzZzmQbEbh7ld/OQcP20fK42gpWY6L+ODwdFT"}
{"__ans__": 29.377568062910438, "question_key": "AAEAAAArQ3lnK6VKzy5fwEjtu8rGOng1gX9oF4r7QWZFMrON"}
{"__ans__": 56.937026162946836, "question_key": "AAEAAI84xCB2xbslx+RLJ+UjjCJc37wHb+NY9qVvwxa/FC/y"}
{"__ans__": 11.620393690099606, "question_key": "AAEAACXQezTdDgfgxxpuV36DxnrTQWlTKOQB8Xg4N9ym82gd"}
{"__ans__": 24.86989318989468, "question_key": "AAEAAFqjYFxJ2zQJOwj7fHZ+jJbQGReiAS5OYwQjU3AA7fd5"}
{"__ans__": 17.79481623608114, "question_key": "AAEAAO9sIjqQXt5q7UbAMJ0HLE8wcuDyDYnXMtqQ1S15u9FJ"}
{"__ans__": 18.04737345199319, "question_key": "AAEAAGJugfKlJ31RUNPq7lHIH1tMPUbVVfTBD7UY4f21XjBt"}
{"__ans__": 31.32007827909755, "question_key": "AAEAABaKeLAvk1Oo/cQhH00UqWUx/aLoQj+0a5y+cc/jprXs"}
{"__ans__": 12.10596822347774, "question_key": "AAEAAN+K6CQInTHzF/jpzZxzI9Vms6chUskI9Ofcm6esVCiA"}
{"__ans__": 44.96811899665055, "question_key": "AAEAAAA2gtMUyZ8dgwP05utr2e+DXsLnF99Q5GTGsKCfmLg5"}
{"__ans__": 12.652372930536764, "question_key": "AAEAAI9aV6ZStI8QXMMURcPV+HIKC5kxl0PFFwqoinJdX7OA"}
{"__ans__": 41.38560715185409, "question_key": "AAEAALHoyKNyCPJHLEpKvEbcLSwlPHV/O4aYa1+ZDPZjlAE9"}
{"__ans__": 9.561043238783036, "question_key": "AAEAAFaw1mabzLmFPa3Hq837BFTwutq+FKqOV1aq4Kz2ohmQ"}
{"__ans__": 26.173108202817602, "question_key": "AAEAAAF+M8KbFH8DLhaBE6YyxVQodv0nBVOS8pbbA5UKFh+w"}
{"__ans__": 6.454440893618567, "question_key": "AAEAAHYpSxxsgLPGmyz3eunPzHk7CLI8OZmqm3jmnDB5xmB+"}
{"__ans__": 9.757097169242662, "question_key": "AAEAAM4finOrbeiswYZ99Iw+5xjS8QzG8xSo5pwx9oGJDphh"}
{"__ans__": 16.62576547208538, "question_key": "AAEAAJrt+DsOim6XVfqoexqMNfTGR5DUK2ximoeo+9UMx6en"}
{"__ans__": 40.014831474728545, "question_key": "AAEAAB3CGmoKBPf2Fny0wPJFYa3r4POEe0+9zFpnQ9kLit3x"}
{"__ans__": 22.675939263520217, "question_key": "AAEAAJd6ciL7r5nC+Vo0RYZS6VWxPtJxh6L4y2JR1xkD/rDq"}
{"__ans__": 20.830828510693678, "question_key": "AAEAAJ0F/LZAUzZd21C6aoxGLl4kPJJqwx6J3lYMxkKvz8uv"}
{"__ans__": 8.502469231063989, "question_key": "AAEAABRymewpR0KBh7Kr0Tk4bD5yrCZ5mxymc6OJ9l9C7dCl"}
{"__ans__": 36.623183856737086, "question_key": "AAEAAM8BRBMFRXRwiBD8bkouWbAlrnO9gJY0u7TxPaISyniS"}
{"__ans__": 22.009404054731732, "question_key": "AAEAAN177m6BzNUAm3Drl3477rIt73/vUa23DGmCEa0gZQZP"}
{"__ans__": 33.12551270680482, "question_key": "AAEAAM2X6XGJnMWTYgWFkhDK/FuDNFfwhwsPHq3uNbVWGTrU"}
{"__ans__": 19.741461009254284, "question_key": "AAEAAP2/oW7u2UogxW/Jm7KJOMJnj7S23U9qDG6iGCfBghb4"}
{"__ans__": 52.4746664260253, "question_key": "AAEAAJ33SQCX4NQfEMCcI/lCzkIP+mgIyy+nBDbz9HHIsbfW"}
{"__ans__": 24.927441810021016, "question_key": "AAEAANfdQd3PY5Xikzw5/T6TPF7KdNLliirUYb80r5FTP7Y9"}
{"__ans__": 24.554876803767964, "question_key": "AAEAAO1ZB6MfyxhbJuF7+ggvxgChYYc++QQzeREKZ7/as6hS"}
{"__ans__": 23.925352870553947, "question_key": "AAEAAN4PLfI+dntk04GZiGQcopURXD4baZckvMr/2JUc8H0z"}
{"__ans__": 11.229375690089727, "question_key": "AAEAANjAbE3JwegrHh5zvQHfjHK4U9dV/qgR1hvDrnBRcWwQ"}
{"__ans__": 46.43572924043496, "question_key": "AAEAAHorWtSq1VM8GAKuDeVeW2hi8zpX+tcQa7OO0CSXTT7s"}
{"__ans__": 17.459971048009866, "question_key": "AAEAAD8rnljGMzXq81wtZwCgO7y9ijkhtWBIaMgRtfe3FptR"}
{"__ans__": 17.45860355129028, "question_key": "AAEAADykof8WxWXOo2dhQuv09CPXsz0DShLDzeLJgmWjHusm"}
{"__ans__": 9.585217279092705, "question_key": "AAEAALQetQx3CGq4hxfrB+u0d2rIThikuUUZMDmt+AjVzUlp"}
{"__ans__": 12.887486891426247, "question_key": "AAEAAG3RljwFDI6PZW1koRnBU5IuryJMVnsnhUUNL3WL6mXL"}
{"__ans__": 46.5384153252593, "question_key": "AAEAALefzx00/Zd+3/Ef7jvYnP+mjPl8YQefXOy6gilu56aX"}
{"__ans__": 33.222580757609016, "question_key": "AAEAAJ3xvx+3qJTAjXD8hvek2J5Jtw+4ZeCD/7/WGXfIqXEI"}
{"__ans__": 15.039914972068466, "question_key": "AAEAAAXQAfLcClafoqVKPqDd+45KwMfEFad+JogNDKcO2uF3"}
{"__ans__": 25.93546024130492, "question_key": "AAEAAIhBJuf+wwJqrGDLL4edYzvZLGB8RFocuI2weQONHWyV"}
{"__ans__": 23.415833850913373, "question_key": "AAEAAB5B0I7R/2ENt1R0RekCi0+XHqWs+zwC/O3X9OM9UyLf"}
{"__ans__": 10.626022249544393, "question_key": "AAEAAC+tyDYklgzpDGNEPM0EDvv5nwUU4jQjDnt5uEZ7f8F6"}
{"__ans__": 10.44888847033954, "question_key": "AAEAAE2MkTot2fz3h/qYTvCdLPqaKXs+w4Bj4t4nehj6VbpP"}
{"__ans__": 14.636348747238467, "question_key": "AAEAAAzn00kq5HPR8F2F3tcyfFglhwTvfSS2mU18Yo6wExBX"}
{"__ans__": 21.29153476178701, "question_key": "AAEAAKrqfCIHu4HE/Ed/R1+pBOXeMN96ZFdhTjKzgU6zac9W"}
{"__ans__": 31.54072544657201, "question_key": "AAEAAKlfMvDMfDBTpHcKiMO20z82kIzJo5ah/alC+ld18PkG"}
{"__ans__": 20.884199137651926, "question_key": "AAEAANpFz8ou14LOe8MEH3K6uA2xHlq4Pp34ysuqGDWfqaDW"}
{"__ans__": 46.19259605103045, "question_key": "AAEAAC4WnPavS2lQv5cacbwQVnUxh4I6y3AUwlGkzkhOP2eE"}
{"__ans__": 8.99274837377944, "question_key": "AAEAAATkAzIgHj0AxIxVXSxxbDJdzF43Bs3B8JAfnvcHrbEF"}
{"__ans__": 7.0224695577767875, "question_key": "AAEAAEqpaXO25DYULZb1TyF5Lf9QVMVn0o7SKQgHiawcaIxM"}
{"__ans__": 26.11136600651247, "question_key": "AAEAAA00AChNEpZfNYuhLNYgqU7HJI5EBbGQR2rWCbvNRdbw"}
{"__ans__": 27.963994982873007, "question_key": "AAEAAA81exo5mtt6P2c+kvHN9xeGSfh7jzjLCwIrwoz2EGsa"}
{"__ans__": 51.27241021100147, "question_key": "AAEAAFjJww7bLej48IfHornUJI7mBy8OnELh4RsY7UGHYirw"}
{"__ans__": 33.889351499397044, "question_key": "AAEAAP/0HkTTKCoWkXGm7wwC8y46AhLnI3F2UTcEpjk5k/AE"}
{"__ans__": 21.50614267597161, "question_key": "AAEAABpFVTVtKe2qb3YiE/EZxPHISQJ9DvDXMgiEYam5smYQ"}
{"__ans__": 38.25245293587832, "question_key": "AAEAAGW5DP6KouwRiM0iTlf1jlA6AcTMlJCVgE8syfkbuozD"}
{"__ans__": 71.12698392715791, "question_key": "AAEAAGW4rhl4StfYsrCu/XpL3kA7Rehkf4p9WPk7TfJRd4Gu"}
{"__ans__": 15.077459332364535, "question_key": "AAEAAPndSI4flZ8VortGgxl8ia2X6olI8c9ItlP0rJKQ0a3I"}
{"__ans__": 56.74027842323771, "question_key": "AAEAAJ+LXLNFuWM121+sZ3sMqAhLr+0j46rOQV1fwBO0wn0U"}
{"__ans__": 26.123704443331466, "question_key": "AAEAAKvQLtN32AroZJjbKnm9SgikVeltiv7+EgSq2aw79359"}
{"__ans__": 20.626266898300123, "question_key": "AAEAANLrdN3gDDdBqCP55/2RmmGI6aIqKfcExYUQcDSfGGT1"}
{"__ans__": 22.811687441573017, "question_key": "AAEAALXY5qUh7Z4Hozby51AFTaZi3NBGOckb0hu4dqWy8TpD"}
{"__ans__": 28.250572433845964, "question_key": "AAEAAJ6x8uYF4+jDXntLibd/rOqb7sg6lPU8eoq+A06x0z7O"}
{"__ans__": 8.706095176063087, "question_key": "AAEAAO07j8EYSVGe05AhvNV9QeT0feIUEc2u2beLDv48z4j6"}
{"__ans__": 39.24689753509144, "question_key": "AAEAAF0Bw074hK09Lvnaf8+5u8nyJeYP/rwXVJW+735E9/UQ"}
{"__ans__": 43.24414669067976, "question_key": "AAEAAMNWWXQacn1e/Pc6iqpd/RW5eg0twO376mKXu6L7AdBX"}
{"__ans__": 21.850612793532736, "question_key": "AAEAAN9X0nyd/cINMHrZQ+IZNwkYFPoA/SPLkkMz/F3Rs0W0"}
{"__ans__": 67.9746063303128, "question_key": "AAEAAAQHXQeIFkEvoIAqAs6qkhXBjhjTLqKOfHZ6LaZ7CeeM"}
{"__ans__": 39.2812595927094, "question_key": "AAEAAAyv+xW2wtwz91V8cs022IwcZFxTlAN2oWdAIG3nYJbF"}
{"__ans__": 10.443386442915141, "question_key": "AAEAAAjoaRDX99961/nuVxtVdWlGlayGvO0VnznAi9xVlIy/"}
{"__ans__": 11.963778207164287, "question_key": "AAEAAAewwEkxbQt50QBxZhJ3WPGsCaoNYb8Ro/dF89Xum827"}
{"__ans__": 42.91527088924845, "question_key": "AAEAAHxAJpLAbT/RPEo+moKFf2MtbZA6ZZo8P4ut07UKJI3p"}
{"__ans__": 12.713022345347285, "question_key": "AAEAABstyXi0StSlm4acf5O9y7Wfeic98KtHv0Zj0yhDhYGI"}
{"__ans__": 12.310454206340056, "question_key": "AAEAAEq5JragyqosqoDPByFZhbro2xttMuNqn0eoIqCKBeP6"}
{"__ans__": 21.2502064972888, "question_key": "AAEAABbfCmT9Jir9TyY/VnSGQ3LAWl5vXaBwcITkY9iOE91c"}
{"__ans__": 73.21198503130042, "question_key": "AAEAAHHYEJG6Y30l3QvFP+IDFPfN2MEjvMHLA0vMFRWF1w9y"}
{"__ans__": 19.668257080683272, "question_key": "AAEAAKxMz+6pqN7UHZ51oEU54Ol6vXJf9S8THUA7bTUL7Hap"}
{"__ans__": 5.244123738819174, "question_key": "AAEAAK94BepwCnKlqLSKLQ9/iS0IdsjjtD2/Wks9z3EezSeD"}
{"__ans__": 30.229510716915456, "question_key": "AAEAAFvhqaqLdFaX+TQVO8casIeKibbJKS6XZrWpOEuERREx"}
{"__ans__": 26.232477006540737, "question_key": "AAEAALF0JuXkN4/JOwkuAEsL8mL+uOiXTRdt+q5l8MrIKtwT"}
{"__ans__": 47.94947609530127, "question_key": "AAEAACRDQcz0XhmJW6DtF7UjcMq5i4PNHAFfSg/HJGI0n8x7"}
{"__ans__": 21.373927494130342, "question_key": "AAEAAHyfKreqy0Xd80+P6QCWKVOWPVp2/EH9/RFuw45G6E9Q"}
{"__ans__": 55.87959088198126, "question_key": "AAEAAF4pnIROQFI+61BjvMGVuGjKtlu3bIvjqYukq8j2NxAV"}
{"__ans__": 41.7752241190433, "question_key": "AAEAANSQoB0Rcd5Nph7Fbv4vsXGYRN7KQgJ+9PaLBYq39CMj"}
{"__ans__": 22.13611654339701, "question_key": "AAEAAJl4LGNHh9cSQjCr4L7tor5k/FeHJVCdbnHMG57FxHPd"}
{"__ans__": 45.890324858336704, "question_key": "AAEAAKwooBtLPGMYl2DhgPc/HZmdXkwmG+dAe9tXoaTfLGL7"}
{"__ans__": 4.0811615593246335, "question_key": "AAEAAP4CZE8XAOcpi6TPlo6KEhGCJNIGfKG7IETQr1IWD8l1"}
{"__ans__": 19.604664794986068, "question_key": "AAEAAG/sz4aGYQ7eKmWssm2QkCbMcQfTLPV2wf6xI9UCYisI"}
{"__ans__": 15.378790345225136, "question_key": "AAEAALtpNxj4nZ9ZvuRvS2fOSdn+7zG7RXbDjJPGHMjs+Mv+"}
{"__ans__": 18.649545308771657, "question_key": "AAEAAFwBlIdzzAaiE45iR5n60oT0+Nv02S8SZEFAwjbVmAFz"}
{"__ans__": 19.007507126136126, "question_key": "AAEAADNGiFo/3NNeSu0YF/9qMZeHgkAtCcFpwmmq/n2rMdCw"}
{"__ans__": 9.903784243220075, "question_key": "AAEAALolLm4w73HvBZ4lFbnwFz0pdvd3RGAJllKkIqY72Zpe"}
{"__ans__": 19.172202264059273, "question_key": "AAEAAGd48e0k/KvwH11RIQNfg8izMwtcx4cZiaoM7uNapWt1"}
{"__ans__": 62.110874687232545, "question_key": "AAEAADEAUIckzKd5b8KecvXc3aFjgOWsTS4AKdFE+CVOJ5Fz"}
{"__ans__": 53.37308534816298, "question_key": "AAEAAHwhBK+92eyvE0+OmyA9IjyAgQzuAbspMBQtBZ9535/b"}
{"__ans__": 14.324787239153117, "question_key": "AAEAACw35s9kWY0lnlYSz5bFadB+AWKI4Z+JHASQZIpPJjK3"}
{"__ans__": 21.48485115865642, "question_key": "AAEAAFr+cazVOzl5U+6rga9LjcFuSTwH4dO3zQ5e4mh+DY0R"}
{"__ans__": 47.70232566625064, "question_key": "AAEAAA+MUPzcRc+lqN0zP+iWSv9CM6KwRVlMxeRiAEFGes9S"}
{"__ans__": 16.191347111987795, "question_key": "AAEAAN6ZfPbFjANgeT6cZiqu2HYEzBKyQbHbMsFqocr5fJu8"}
{"__ans__": 36.70221613705536, "question_key": "AAEAAKv8Iq2licrEoONG1LoTCibF+Aru4bp8N5IGRzCdsVqY"}
{"__ans__": 10.820717021502798, "question_key": "AAEAAAyGlcyP3whZyAz9kmrN+zu6Xj7hTJJf+ghG6Dp3vOHj"}
{"__ans__": 46.697128696587626, "question_key": "AAEAAK5ZqutRaul8TQYJbekDVhrvHbVN6bR9+NTvxrXIiqB4"}
{"__ans__": 24.293566137498566, "question_key": "AAEAABnmhWxtJnCvZJUYvPuPbrZZR/ATSRO/UZk/lUST+b9O"}
{"__ans__": 18.32234906325595, "question_key": "AAEAAH/nHEqzEpDH2+ZWczGVsfCG1L+67tuXvluRri3Lga38"}
{"__ans__": 28.68731284882279, "question_key": "AAEAAMrPV4iuOwmRhI/6RKJ8obZSwIvjFWcqwuOx5ibdzYpV"}
{"__ans__": 11.606091969536473, "question_key": "AAEAAGMisFMOOyF3Oy/cGtIa9DeCkpwUi232JcuM0Fa+/zpz"}
{"__ans__": 19.773644789504417, "question_key": "AAEAAJaBhAFoMwRn6k09VMssPCGlLyRhvQHfBeu9Er7jJgUx"}
{"__ans__": 10.910332966568221, "question_key": "AAEAACHsYyCbguR4x1aYPudNZpxL5byY9lpHhMKBagD8WjCe"}
{"__ans__": 27.633615280298233, "question_key": "AAEAACogOqAduwPSzNmO01bsN7ngIER+QRI5HG9WnUnIJNab"}
{"__ans__": 23.223039871277862, "question_key": "AAEAAIQGuTszP7squxuaAQnPVuWfq5rfsEemmRPjahDbPI7t"}
{"__ans__": 19.1225835111856, "question_key": "AAEAAA/WIxPCnihO9cl3qspWbvDRiiB9zNiyWNpEO/rz2ibh"}
{"__ans__": 30.209797881218705, "question_key": "AAEAAGnqZrzovilECVpL4rzw0zkwUr9xumBVOjj2XXXxC6t0"}
{"__ans__": 21.090411705392118, "question_key": "AAEAAEG4bmxXh68SlOZJee7AZXwK/QQdLacrwN9bZyhQZsr7"}
{"__ans__": 11.354740969792651, "question_key": "AAEAAH/ngLZazgZ19dVTdH13ux2nnTltTNCOMepXUnNgxCaQ"}
{"__ans__": 26.83455461469689, "question_key": "AAEAAA5OdtX3J3aD1cs7bWrWvYgLo6IdKu9GzsQo0hoKy4zo"}
{"__ans__": 15.719077629469213, "question_key": "AAEAALJx6SCKT5mS4r9rNu/h7elg7GeeXx9PjStk1uUVWe5H"}
{"__ans__": 18.377289310592378, "question_key": "AAEAAAwNAE+zeD0g2caBx+y9V9ATmodIFw9xfR+D0si7Kf3J"}
{"__ans__": 15.105179632671335, "question_key": "AAEAAEraPH1T2t4EI+laOyJNeTd8LKm0DEnJRbpXkutpCh13"}
{"__ans__": 23.38423712031802, "question_key": "AAEAAFXUHY2/RWwSbtL/pld+wBo/rtsSrZQBYu67icOWar0y"}
{"__ans__": 56.68618666077201, "question_key": "AAEAAPeo8NulG+6wdzGnHWbVoxplBM4GkFCtQte9Eed4Cv8l"}
{"__ans__": 34.61392708217591, "question_key": "AAEAAEpUsF2d6BdirolwbMoLkcxYViQsta2WEDjGvd3UU70Q"}
{"__ans__": 40.70581680324079, "question_key": "AAEAANk82oPIjUlgLQ0w9GQ+bDzbeXFd4NKH+iWbFD2wAysT"}
{"__ans__": 25.032094385585662, "question_key": "AAEAAJ1YAxyrED4VQ2DKFQcI4rA59j+96PFsXKmMr4KRYvRd"}
{"__ans__": 48.71825224889918, "question_key": "AAEAALGqG3jPnETBPkrtzo6DtwAoSuSe13c1syhTzmLjQH5T"}
{"__ans__": 14.494285619482532, "question_key": "AAEAAJ4QGjSDpqMC+8TUsOipVFrAwxJi2w0yQ3/9iFoepWD8"}
{"__ans__": 45.93033394868602, "question_key": "AAEAAE75fzZZQ48RADiN0WH5UBIUO0IXwElJGhkCj0uVvjSv"}
{"__ans__": 44.55764500869806, "question_key": "AAEAAENdZ3+24MW8H88MGNK5LTDa/4GDuk89cfhuLwfdgOVw"}
{"__ans__": 42.7483860860541, "question_key": "AAEAAPxZcAbTxSo58jO4YVwR3BIP2V+K6PeIfMdK3KMhCcBj"}
{"__ans__": 16.152419522710787, "question_key": "AAEAAIzHezzHgaDI5vFPpw6O4whMmsM1t+S/4rtQJYAN0QBz"}
{"__ans__": 18.245053246746963, "question_key": "AAEAACo+WExmaHnnbDTIwrza5Fpgp/s5L6p7T7SAMhz5DLh9"}
{"__ans__": 34.390945222453766, "question_key": "AAEAABQVFgrsKAfBnf3eFj8w3DDQobZrbKSAQFBW53i/1Smb"}
{"__ans__": 37.621217099617915, "question_key": "AAEAAEFpEmSmvkh8NYn/qo8YV5lZOXAzD4QARlTBuOcvNjEK"}
{"__ans__": 33.807994351861836, "question_key": "AAEAAJxHdTH8fBLhaT9B/HcjFty1nOWbv3Lr3t9aLk6SAsyY"}
{"__ans__": 73.81113892068873, "question_key": "AAEAALCWvaw63H9nSfPmVhts/D/Wgu24waObMlghbck+tytO"}
{"__ans__": 15.663098692067068, "question_key": "AAEAAMTZtM2ea729FDsnNsK7N3ydSByCbSUSfT6W+XysCl64"}
{"__ans__": 18.93351009920346, "question_key": "AAEAAPIKvJGpka5XDvCUSDac0ae3+0xdFVqmPU/43Sq+XI9Z"}
{"__ans__": 34.05733605284383, "question_key": "AAEAAIyFm6IpKKDt0ccbMJXm8WDKx/XDgmoEWDRgg7WbKXMb"}
{"__ans__": 13.231657600945795, "question_key": "AAEAANYs50EOoGUA1sOfqRs2WW/cbqZvVGqoz7CurD5RJhsP"}
{"__ans__": 63.93233622502708, "question_key": "AAEAAPE3lBI2xzCkP/5nt8fj9QXc2ow4gqFEZ/W2wcZwa2vQ"}
{"__ans__": 33.851585964888784, "question_key": "AAEAANyUe5YnIaAUL35KyizYlk2N4YBE/J5L5a3j+e/HxPkJ"}
{"__ans__": 40.93142886194181, "question_key": "AAEAAAN46MEdX6IIEY1TpV0bSfXKlifBK7AVJ3T/rChS1WBU"}
{"__ans__": 52.03310604343867, "question_key": "AAEAAHw9lJTGvZc+Qw1EuME/PX0Wri4Bme/TNbCD0bh0r+IW"}
{"__ans__": 53.726726211700004, "question_key": "AAEAAGJeJo437Jjct2Lmx/ENKdtdTc3cpqu4sx9AiRc77qIx"}
{"__ans__": 24.269474880416354, "question_key": "AAEAANaqZuTl3LHLGmBe9M2hNMrqPFkLPZvh+ltThMEA+ebr"}
{"__ans__": 36.10578791109624, "question_key": "AAEAAO+Bg1DUQvHKjt1sRpM+rOP79xlKHwWlKcLcFBTfrtbt"}
{"__ans__": 21.659789964061247, "question_key": "AAEAAFS++2U4ZEI5DjSmi3pjkT8Hi3tfMMoTm49tXkx8Er4A"}
{"__ans__": 11.966793230853368, "question_key": "AAEAAPvZAyAtMjFGuOChIDBDu/swpZkAVyYPllQCJR8In4ou"}
{"__ans__": 8.556893679471028, "question_key": "AAEAAGEwBNdNnImHb1NQs5DfIyrUMxlDzdpANDiRKw89Uddt"}
{"__ans__": 22.15919535357567, "question_key": "AAEAAF8azHz4aCbi7CzKx22F04WM2jxqMBXpWzVnAX8DAKCc"}
{"__ans__": 26.88023486832631, "question_key": "AAEAABw3qM3PHJ0HSI14UO2mNAvOoYEtvay5NeIpVQuFd8mU"}
{"__ans__": 17.726031852020917, "question_key": "AAEAAMxyvXD/U6WeuASKFRyolLNwNmH3L3hUuS/VmpxYeYtF"}
{"__ans__": 10.549593379492865, "question_key": "AAEAAIGKHLuYIIE2hjMJLhxuN7trB5JHWI9MFM6fgy2smglj"}
{"__ans__": 36.11328159099776, "question_key": "AAEAAMFehvRtYgoZMSjbJJJdSdVL9Bdz2KNMg7tXGpocyjSV"}
{"__ans__": 26.339067487732695, "question_key": "AAEAAPY/eY8BM1Mh33nX6qZ2L1hcBWoXdhEHeUnIPem6+VdB"}
{"__ans__": 25.039811656372187, "question_key": "AAEAAG3dul8qCU3wM2UNOeDkcacmiMDiYQ4OuGA53G5XL8nf"}
{"__ans__": 26.482974766602666, "question_key": "AAEAAExWWtSic2Gh1VmUrHKxbaiK6FlQDA7Le15jKujnft3S"}
{"__ans__": 21.914406407693928, "question_key": "AAEAAP9zucwFn7T/vNDO0/xoRxMam4Q81ZIMzi7jNc9QnKMr"}
{"__ans__": 34.63197692232528, "question_key": "AAEAADSKq/wiOkEZxWh7SJeF3a7KxrMcwvKZL6SgWud7tpW0"}
{"__ans__": 14.761030926261563, "question_key": "AAEAADLf01Kb+oTwjVC5tJ/oLkDVG9sr8Hj8UimFd7ETtAg1"}
{"__ans__": 21.82370551186563, "question_key": "AAEAAAGVcG6a7tc7idBy0uO9fXt01ha/CMzADPdNvbF22gBH"}
{"__ans__": 21.667652319090234, "question_key": "AAEAAK24RNRKO90N++VY6KkkWehlVIZB5cEua0YkaWgtqOHc"}
{"__ans__": 35.90289866394331, "question_key": "AAEAADHeQaHvHYne+mVw/7T+gLI2KG1McI1S/mr7ywIel3Qs"}
{"__ans__": 27.84332294653499, "question_key": "AAEAAHUrRJ7UIBpPaFSxd0Y2U0yOKNNNmzWUhsJFIlFeD4Ek"}
{"__ans__": 41.57854540170124, "question_key": "AAEAANqKEeONXIu7yNKVgin5dYad91lVjQBI0ayc/X8pZGqR"}
{"__ans__": 40.68653133681789, "question_key": "AAEAAOqjy9X4pFtQDgZSZ55i6Gj17EnbIZSrjOzTgOFeNZKm"}
{"__ans__": 33.468934377239115, "question_key": "AAEAAPupiBvIb4HXJxu3lw2M0z4qnzyYMProl3PDHxTovbz7"}
{"__ans__": 15.334580242031363, "question_key": "AAEAAN1aJSg3SlDcgPg/5sx0jax8DA2sfUir0KXSsOJ0EtqD"}
{"__ans__": 23.432428798026503, "question_key": "AAEAAHcRl7mvfXgHwzO7FEJ+/uNSwcY5h6QQY+kc2OPAyuWC"}
{"__ans__": 40.73260696159811, "question_key": "AAEAAJNLGtptTvxk5UFZUIGGx3bTjkqGgdVbemYp8gOAhw49"}
{"__ans__": 19.29311235937829, "question_key": "AAEAAD+P3XO+U5IDUVQm98tLf9yoFP2ISCo+pCpos0+Ix1y+"}
{"__ans__": 37.316876625627195, "question_key": "AAEAAMWaLUfv3esNNgMov1Hn+HJvJJAnAAUUjKszFzVRe1zU"}
{"__ans__": 25.094751712155247, "question_key": "AAEAALLzfNjcC9T70LSo6twj3FO790xGKWrPBhUSQeCSLUN1"}
{"__ans__": 29.022244781611217, "question_key": "AAEAAG/m2r5nDCg76kLYwKDuH4qJULFGGN9mMOyI8W0tah//"}
{"__ans__": 9.329130899396466, "question_key": "AAEAAEbGv3rbOOsnA/u5ooNgU35bZSAdKNS0TOifGNh+Z1xK"}
{"__ans__": 44.27242729191108, "question_key": "AAEAAIZLTGbc84ZtOvbUZ+VcqrIPOlEEEASljoL3GzGZ0JT0"}
{"__ans__": 11.283861748905288, "question_key": "AAEAAP9DTu566AI+dT3f5RJhwmVaj5K3KbiND33UQbAOnh47"}
{"__ans__": 15.873758037994316, "question_key": "AAEAAMsH/kxNsotMuBBIjn6TxVIvWlOz/ao+JUSSLJ6dJMeB"}
{"__ans__": 35.97022408385516, "question_key": "AAEAAGvTZlEj7m+CoAvNvDepm8dC6DW2Qxrc7XgSi92EBJ0X"}
{"__ans__": 31.069439290560965, "question_key": "AAEAAB5NKcmhHM80TJbqeMxGUh6mcPJwYSMSnPlZZdjHX92X"}
{"__ans__": 26.70783751608576, "question_key": "AAEAAHpJSVFEERHz+cdyd0aUVFrZ8yvOZl5luoVuVV13xgd2"}
{"__ans__": 18.589949366654253, "question_key": "AAEAAJHZnqrjNzhkeaWb2H20ZxvcsQXKfvO485KGlW6XahyS"}
{"__ans__": 23.40906786014571, "question_key": "AAEAAChNuv6okZY4jGHj1UZF1h+LCR7wyu2Y0MEpli4OcpWF"}
{"__ans__": 30.886526429176946, "question_key": "AAEAANSBpVQa2qQul7liCZQ6EEVHvQCXVsXt7yASWIrxUkMp"}
{"__ans__": 39.624047455393125, "question_key": "AAEAALKeXbZMaPH0X4gCW0fFOKQC1kv1kfBJGPcYHL9UULrk"}
{"__ans__": 21.90858875395941, "question_key": "AAEAAMsIE3osYUls7kzHv4d/9YwHJClmWhvQ3cm6AmKRAxb2"}
{"__ans__": 24.023472127731832, "question_key": "AAEAAMsMLxWg6rnWSjmWQafF4S2lkEO7HtbuuckkFpJqJWjZ"}
{"__ans__": 48.76976124754947, "question_key": "AAEAAHJfFbrpWEy/tnNw45RMA2bjfLMOybKLRWH+DKiMXubC"}
{"__ans__": 45.17047475850575, "question_key": "AAEAAKeu08TKzQy5ZZ++iAX/iIIPNucAFS8A5qvDxdn1EsEa"}
{"__ans__": 10.145286611226226, "question_key": "AAEAAOe8NRz5YjxY+1prDPEZFwzXGbmrO+hfykBN8VCpTcxs"}
{"__ans__": 20.238432428984748, "question_key": "AAEAAEv/0gvIRsdCAn4kr3nnGxg1BcMh+z3L2UKiB1r8SaXD"}
{"__ans__": 54.28748845397556, "question_key": "AAEAAPZ6eBKfZGKt1elSR4LjMcnbF9zLEc9AaJwsfpFHBVYh"}
{"__ans__": 36.96902289899376, "question_key": "AAEAAAZob1xHy85PfUPrv4tZFMq4E3+dq+2es2NNMYkHrG8s"}
{"__ans__": 26.687292819429114, "question_key": "AAEAAHTdY/Gjk6ZZ+LoHW3a+tCiTS3sx7X80NM5AQupyPGGF"}
{"__ans__": 10.226451316628278, "question_key": "AAEAAO1+cHXFcRfDNceknG3z6t5DlrVYppJ1ge6nO8Mrl6Ow"}
{"__ans__": 18.5798900179134, "question_key": "AAEAACMyvb/634dIgXrwLvxfvT9o1L6KUQdqvXUjUbngbIHk"}
{"__ans__": 17.934620610327208, "question_key": "AAEAAEI8Udtb+uAKAXgl8kCw9/cxKwkOOozXk/E29SIEu0KK"}
{"__ans__": 45.11711435321725, "question_key": "AAEAAFR/LxrHEjq/MakznflOTNOLn3+1a8sP/BRqY8wDM0o2"}
{"__ans__": 13.038380543692622, "question_key": "AAEAAAxtc1tQRn4lju2rwbmOQ7hWnAfgkpX0MWlaH8OeRdfX"}
{"__ans__": 12.845374621985005, "question_key": "AAEAAG9Jvhc4WoEaQ/Xd+7PVbMuhK2Eu9ly0nBB/86vboOCd"}
{"__ans__": 47.768599166841994, "question_key": "AAEAABre1eIYKvGosEETICCh6iIdCRcuvlfroLcvz7vXuoGT"}
{"__ans__": 71.07052513734448, "question_key": "AAEAABx7aRxWpFfsLxvRzpBCfVhKYP2EdrAtp8JD28XG6REM"}
{"__ans__": 31.281748338245826, "question_key": "AAEAAF0GA51M9dDz14vSIRAEPm1U959eBU91eZoKzCX0KOU+"}
{"__ans__": 22.668102912984867, "question_key": "AAEAADcDJIAQKzrRE9Bzt3BIYSuci/kM7kd7jrnxnAI5Knqr"}
{"__ans__": 50.48119176025319, "question_key": "AAEAABv8fjKQWOnZxX0ZZtJBdAWSXXNDK91HpGa6dJAmUAqr"}
{"__ans__": 37.32136698106065, "question_key": "AAEAALNBd69g38GmuPh1YEUM3simRY1LctcYrGpUxZSZJpVC"}
{"__ans__": 27.08516397034293, "question_key": "AAEAAF0lkzK6nMDF2C7IYMpQOfzmuFpUCO30bi9OU6CWaS7a"}
{"__ans__": 13.524511942166125, "question_key": "AAEAACWlzTjVJymln7uFftuh/YKkya9OcV3t+1RcDnR3bdV+"}
{"__ans__": 58.42399315298156, "question_key": "AAEAAPAzNXAmrOUtw48ng4FguKHcATiOOlKlXeNvJB80kVkd"}
{"__ans__": 17.847967866173292, "question_key": "AAEAAK9PN9IwDIGWkvoAK10lADPOG6Bhlq2xaplhlAzx28Vy"}
{"__ans__": 38.395660145740706, "question_key": "AAEAABVou8aW3SDxNm0GLubeh1E7pkskGUoqG0rps/2RuvQy"}
{"__ans__": 36.56121347597679, "question_key": "AAEAACb1/1xKAfDijesLOQpcm8keDtWjhBXwKy7t+fHM2WYG"}
{"__ans__": 57.58759039502269, "question_key": "AAEAAMnMZ6KwNwDNuWnxcYyOvCfq7jc533RnLXi/DJgLJhU+"}
{"__ans__": 41.69789580717383, "question_key": "AAEAAMJoGL5Rk//q33KdcGg8a4laQrOww4Mi4OG7Enj4J1Lu"}
{"__ans__": 15.958467334105217, "question_key": "AAEAACHPBHznvZR8HTpqn9NmrG441bCio+t0xlYU3nATwWog"}
{"__ans__": 48.0734687023744, "question_key": "AAEAAICBWI5cnSy2wjigctAxbhGNHdLLnM2epbkxD3pBp+q1"}
{"__ans__": 74.1559539864161, "question_key": "AAEAALFOhovb4ph0n8ldHQ/g7qRan6Obo2XEIWNI0BfRRwJ8"}
{"__ans__": 10.418878439484924, "question_key": "AAEAAIr2J0CaiNrWnsOYQcgFbZGwqfAUOyKrqKOPnJ4LhbON"}
{"__ans__": 81.49523585090472, "question_key": "AAEAANdWUhCNaWhjT4J8xAa6yf+kf3E9EL5J7m9jSQbK6m4w"}
{"__ans__": 46.01832125849132, "question_key": "AAEAAFfEw0/ayyAljR9hwdFEBJxgTTTSM6DLS3cAoF2r7sT9"}
{"__ans__": 40.150860246234, "question_key": "AAEAAAQzgmyiD++TUDPWFVDWywh4Wdbi+350PsfgwItyx9DW"}
{"__ans__": 19.979284984261987, "question_key": "AAEAADQmx1E31ShPQ8Ye9dKlVENLX8q4+AaVc+jbrLRMTHKQ"}
{"__ans__": 29.8789154532192, "question_key": "AAEAAOTUR1HSWfT7ZxFh1H9c8EM/f1e1HoPD1mLqdL8bHJ0K"}
{"__ans__": 66.28001503269624, "question_key": "AAEAAMdN5KBXOmHCspGrUEA9lIlhqCbyDjRAzJ/8nAGrgSFJ"}
{"__ans__": 33.651601254903206, "question_key": "AAEAAAbuQCElyKkeTjTbcbYNWuDW3+/HveRhmqHnf7DVrNkw"}
{"__ans__": 15.389335003338156, "question_key": "AAEAACTf5NQt9KnmS9jGxlwaWjXKCXbOEN7AavChBvg+LwjZ"}
{"__ans__": 53.92126386580655, "question_key": "AAEAAAAKLm9LS1M5Up0Zv/xHtDviUUqahSM21Uz7jqKpmTFX"}
{"__ans__": 14.015085801440522, "question_key": "AAEAAKzkOH7z9lv89eL2PfDOJVL7yXEDxqwSOlxTk/1L8ibv"}
{"__ans__": 42.32769524482507, "question_key": "AAEAAD++R4ujSh5B6Nv+vVrdxx0kFky8HZ4iw/DPU+Lqse47"}
{"__ans__": 16.636427184530515, "question_key": "AAEAACP77OzxxpzmOnr2XzvBbvgDV6TAaRrUpIxIilhxoe34"}
{"__ans__": 52.30068751062221, "question_key": "AAEAAOGN8skivybh/ePFdpgoMZ1byG5By6unfiYIt1a/8YAB"}
{"__ans__": 37.16758936593029, "question_key": "AAEAACjKjFtyr1hOWLa05Qdw+RPygTHz3L75uqUOi83W7zh3"}
{"__ans__": 16.31671267833946, "question_key": "AAEAAHcB0CWoTfp7Y8pNhp6oAKKbqu4T+RXHzv6XMNHswjBr"}
{"__ans__": 41.25565738669969, "question_key": "AAEAAKfi5sWg2duAlEmnapV6nXz06jegabookOWjrwnQQw5l"}
{"__ans__": 48.608171684628495, "question_key": "AAEAAPXh4c5JPZLGtPVqbmoFNQdYF4UH+5xo2XSARKgFXeii"}
{"__ans__": 19.730038191649705, "question_key": "AAEAAKjZv0HCnHLvudIC1wuGzaqzleEaEZzyEfafdvCB4VC+"}
{"__ans__": 37.84944289303745, "question_key": "AAEAAIQv5NIgsQlDuie/G7KfDX0mGExZqV5HJjJ8LGqZUEpF"}
{"__ans__": 27.9193008329692, "question_key": "AAEAAOjopVQUMdpdbIFzEXVPqGetpPd+BN7ZC7lJ8JjnA7ub"}
{"__ans__": 39.82866077567286, "question_key": "AAEAAPx+EeCn5ltbaZuzIZFuKbE9f++CSIsgnhNvKo9ohc3V"}
{"__ans__": 43.55733149643573, "question_key": "AAEAADdtoweiQLUMvF9p0Uk0ucNlX0AU5rWg+PZIofSSLwfU"}
{"__ans__": 11.278684626213177, "question_key": "AAEAALjoChvyUUuUXYvDcdGqjZtx9u+EsAiUW4F43oUDKyKQ"}
{"__ans__": 14.941775380031865, "question_key": "AAEAAE5enV3vf0VVDI+TP9dzbS6hZ27ZY8/9SR7tvAde4gYB"}
{"__ans__": 13.032597841082483, "question_key": "AAEAAMDNC67ktxzECz/XV05k9JzDPP+mYO80BTryLEScFkEp"}
{"__ans__": 68.87464121915382, "question_key": "AAEAAJdfsGwQHc0B2BnFd4EM4UbCtnetbmwiqbLbQdFBbLZx"}
{"__ans__": 13.593924900229407, "question_key": "AAEAAP5mnK1bpoR+5rOTJPN6fU5D67T3JgcRykySKpypPWEV"}
{"__ans__": 38.64953954025394, "question_key": "AAEAALaOaIRqgeHa5z7rrtUlIm0rZS6PmjBAfG+hq+xBecsr"}
{"__ans__": 22.389062105458652, "question_key": "AAEAAPDDNS3/mh0I7CRaOSFShldlt6RRVULnW/D6YqV6soRw"}
{"__ans__": 44.74273933841222, "question_key": "AAEAACvjLResLJUtytuvUfquwiHA5hyy9moRE9yl3RMdfmD8"}
{"__ans__": 33.23752337033714, "question_key": "AAEAAHGaTqYtiNx/OY3FvLxinu2Iucg5y08jK1UjoTlvemBc"}
{"__ans__": 31.81768793412253, "question_key": "AAEAAM9YOMMroV0wr4BT4Ws05Y1Q3u8kFciNaKLCwMmctmfa"}
{"__ans__": 41.16866590240693, "question_key": "AAEAAFAXUNWf0tGw9zr9Wdryk/GZSbfyXHi+wtB0QxOK721R"}
{"__ans__": 15.849047349603596, "question_key": "AAEAAOVa12RhDcl1pz4l3mgRWrQLSlhWH1kgT5txWGEq0utC"}
{"__ans__": 49.986272107719024, "question_key": "AAEAAHTVunSi6G5hDTjGh0zhrKzHQiDyptd7KfVz/RfHf6HX"}
{"__ans__": 10.334622964092615, "question_key": "AAEAANETiJuqeKQ8MXKHKuvAzMjiQHTfc5ZqBu5gt52JDC/S"}
{"__ans__": 25.82599547985673, "question_key": "AAEAAFExjr+Fnd4Njoc/0N3589S9xGc2a1/rn1V2Luf9z15Y"}
{"__ans__": 12.300800918180547, "question_key": "AAEAAEsOljGv+49OtU6P0I8zyGY5APR+Fb22UlaA3E/lgbrt"}
{"__ans__": 8.61603441000926, "question_key": "AAEAAGGZspzTCot6z9BsV4NXCTGBA6tjY6LThVryQ3rSe2To"}
{"__ans__": 17.006955903775985, "question_key": "AAEAAKcqlJFZ1URoWNOHOCPjYF+XSaLNfBi1CE1CLO48dSH+"}
{"__ans__": 44.24011401617909, "question_key": "AAEAALI+g1XFOiM5IXViA5SCuUV4YXEVInbiDrZZoWb6N8GB"}
{"__ans__": 10.077342073338734, "question_key": "AAEAABA5SMy6m0gbpN9ELvo4XPz3aWQ2jzeuaTh4f/5l/nIS"}
{"__ans__": 39.327718726195066, "question_key": "AAEAAEa3hNQM3M0lBJ0aFfHJ4MgYE20cJNx1iuwJFk6efRBk"}
{"__ans__": 32.16576781938262, "question_key": "AAEAADAIASG22xGAR2yfFt25j5gaZDdrt+MnB/Z/0yM7KtxK"}
{"__ans__": 12.66501229809311, "question_key": "AAEAAEN94ztx2YZfmXH1iql/wgI88WLTPiHIwJwwTFPVyJqd"}
{"__ans__": 40.155005513615606, "question_key": "AAEAAIeov43VzljXmh3nrAvLkBcU9JAk01/OySlhM2he+sSx"}
{"__ans__": 10.26173637239455, "question_key": "AAEAAF7twYQDxKUr7oBqntzqkKHDvReZAJTavRZZm/yAPxBM"}
{"__ans__": 45.418556751480715, "question_key": "AAEAABu0GMlHxYz/qkq7CKZeYt2D7fePYxXop2Uf41+D7bWi"}
{"__ans__": 49.55084662961586, "question_key": "AAEAAA6WqUInmnDs0X8d9Ym66VRPRncobri4O4lSvgu8rZua"}
{"__ans__": 14.418186835269495, "question_key": "AAEAAKc5NuMpEaPscgGab9PCVBuHUiWhtOBOKKqu8ZXS3Mns"}
{"__ans__": 43.82861731755294, "question_key": "AAEAAEBqIpEVOcGj4TkZxTvzczxX54KtJaeaSy3lJTpjdM8i"}
{"__ans__": 12.482815329909894, "question_key": "AAEAAKclBwbq7EriVPLGu9OfGyx01giphevRnnKH1o1xfzWh"}
{"__ans__": 13.322918546479938, "question_key": "AAEAAGniJFsaPw7S6X/LN2Kdy4YmqeszJjG5uTP05Tb9I7F3"}
{"__ans__": 72.70893542167664, "question_key": "AAEAAM35pKokD+wzMSEBPWXY/OspxzOUOag5swqU8tIzS1dm"}
{"__ans__": 21.123761679069407, "question_key": "AAEAAJDMMRxoE99HjEuSxRLENVimA/ZImnV251AD7m0mY8Wg"}
{"__ans__": 41.29793193988375, "question_key": "AAEAADBAWrhcaHVR6tF9L15+PV5BdnPvFDPnmZwZXiR3gAo0"}
{"__ans__": 14.595660611305089, "question_key": "AAEAAFUjgZT9cXX9ERGZOtkSSN6Jay3AXmj1nh1ohzi9Jo52"}
{"__ans__": 15.281894905667569, "question_key": "AAEAACbADi3eaeC4KIrsc6TTCmGAjVcEh87JVVsgxMq+Zre2"}
{"__ans__": 24.87691596127281, "question_key": "AAEAAPGBr8zljFbfBttJ7pjgtjfBjbGZopTWghJaII1WwsVr"}
{"__ans__": 52.570262965195994, "question_key": "AAEAAKr3Z24Lzks5YHfC6dXY6vPtAsh5yji/DIBkx0U2xiB7"}
{"__ans__": 21.36836484044998, "question_key": "AAEAACU4WoZ3pwVhYX52PJ95TtPHjrZVGGrEOL+DR30s8giq"}
{"__ans__": 11.17710933759703, "question_key": "AAEAAIKznGz4ACJ4jdgfuhlOQQD/5ZAAD3VuaeDt0j2N7bHh"}
{"__ans__": 79.98951622083203, "question_key": "AAEAAMzX96g7oB9CeFXB1G3NV+nDSmO3t/F53QoN6j1xq7jo"}
{"__ans__": 0.23819842622182075, "question_key": "AAEAAGepwpQpdLHOsd9ogAGPFs0Je22VYie3rNIYJBrZGn7r"}
{"__ans__": 15.887656471336888, "question_key": "AAEAAD3qRj4zO2ZcKpZLPLNkPxx0oXuqJ3D1K/znAqhKX0vF"}
{"__ans__": 30.58296915498273, "question_key": "AAEAACT7qxZmuUZ5mgcSbt8QVudtB9T7vvF4aMY8npIfqySf"}
{"__ans__": 31.09134999045293, "question_key": "AAEAAEknMDvTi72XN8iLE6mGvocmkFl9b+pnstq/IgyBVSAu"}
{"__ans__": 27.043295429690037, "question_key": "AAEAAPT3YKOf0l31ZYwdAtafya9UJVak/JPmrv7k8ofgHTps"}
{"__ans__": 14.93501775522344, "question_key": "AAEAANDmwEfOS67eWeYNKJUSbFcWElg5g23sx8Yo+cSS3BPQ"}
{"__ans__": 12.073644420889108, "question_key": "AAEAAA8+PQ9/1PAbA/CVLfeVz7dGvncQW2bOH41vrIait60G"}
{"__ans__": 27.790732644714605, "question_key": "AAEAACqsawV5qFyBMqWJ6wIlCKFeYc31MSjfXHQouy4aDwW+"}
{"__ans__": 18.844365145968307, "question_key": "AAEAADryxEpAcB99fE8Dql9H/VhEtzt5DI3yRW6jRTlimxQa"}
{"__ans__": 20.462992740418436, "question_key": "AAEAAOHG0XMXAFFPPb0+wIpxeXZK3aSZGXXEFiFXqo0IsBuS"}
{"__ans__": 15.88141208743801, "question_key": "AAEAAOYa+KSZaLdgfImuTXHGXnVJBokV0h3BJ4N6ZWENuYOq"}
{"__ans__": 13.835763668018577, "question_key": "AAEAANcn/MY3SKmbnDkd2nSMHTtZLHfJRK0C0AMTDf1DwGC1"}
{"__ans__": 28.27839722434347, "question_key": "AAEAAHf8wgn5HfMRfAEDeW6lxoBD3dlpcl3k/8EcedK1+Fc3"}
{"__ans__": 19.97656055259408, "question_key": "AAEAAL5x8TzPpZhfKBwGcD1zH3BjZO//Sx+xez0/HS9oT0gL"}
{"__ans__": 44.59389513075416, "question_key": "AAEAACnX8s7CiLkKuYY2I679Yzjcqjxn4R/fqkUjEEoNn7ix"}
{"__ans__": 32.025558856446985, "question_key": "AAEAALP43CTQgCxqcxj4D2kjuZNKjH5J0vtFX3Ame1Cly+xe"}
{"__ans__": 32.18680651972565, "question_key": "AAEAAIXIwhegDvzIRwI9dUuzn9WpKPAjbctAoofeh4ex77jA"}
{"__ans__": 26.196557522167623, "question_key": "AAEAADyPJyUZ2dGJ7rvN2iVI243EYxenCjqkcy6S0sQWgrDy"}
{"__ans__": 20.001503799001938, "question_key": "AAEAACo5Lm2vBZ8KqPvFx3fxWjNhgJd/SI2yU5HWCSXYuKHp"}
{"__ans__": 25.09192606555193, "question_key": "AAEAAOKXzbf+6RtqI4eTqyWQ5yYQ0mkFdqppsWEvBrGD8kHm"}
{"__ans__": 30.406882754148334, "question_key": "AAEAAAHZMXjlUC+QQbb3wPpJwT0TyHtaLabpO6hpy2WoF+Hr"}
{"__ans__": 53.513312006224865, "question_key": "AAEAADO84JlhSrwHaDdpEe+Y3FyhcLtDDF35Hjzj1WtiN/Hr"}
{"__ans__": 21.041679112642296, "question_key": "AAEAAJh+1vW7liT6KUtRuupRgfkHSKwajNRxHo3hWpu3YrxP"}
{"__ans__": 13.123219419684098, "question_key": "AAEAAC/UIOomWsu2AC103QEhSFuq/qXmip6WzIaOoLnSLAUp"}
{"__ans__": 21.277556842923403, "question_key": "AAEAAB875fIibu7ejPm6/a0pgEzFbUcP5iPZHonX54yibv54"}
{"__ans__": 62.68808048548664, "question_key": "AAEAAARH+fbK93Azi/qACbbagoAfDo3AjrpMhtRX9y+c95KK"}
{"__ans__": 45.689635962941956, "question_key": "AAEAAGl125SkwpYxyWOTkKQRzsm6+b9RFaJeYRKy4c8v1goq"}
{"__ans__": 54.108341939176995, "question_key": "AAEAAJnkukERaHeLxdL2QfRJyfg1aXhvlGqPgnut4aebnqHD"}
{"__ans__": 17.19214322842768, "question_key": "AAEAAKD6Y7/WTDJt/aiLChQvkEEc0kTiZNoFUt+qaoyK74VF"}
{"__ans__": 29.857382747114862, "question_key": "AAEAAP5XZRvXYr5rtyBpgvFb6TuhjLhVK6UrCLhdSNIAaL2c"}
{"__ans__": 36.64720791770805, "question_key": "AAEAAKCiQ3YlfEBHOQNhwm9dq/I8/EaRrrBvMSE/U7qnAMLk"}
{"__ans__": 32.96925433021097, "question_key": "AAEAADhFe8Ku2olYrK3w1WQBTu6CgGzF4lXk8N0wpiK5px0O"}
{"__ans__": 58.91443552336685, "question_key": "AAEAAC5ni0+1+9cSUIKbZvSE6IgKdBR8aVlUXUJdWu7mMSHm"}
{"__ans__": 57.10812425032842, "question_key": "AAEAAJJuDrli/dcjQJYQxoQ2jsG2RQ6PFuqT8Px9EahtXSWG"}
{"__ans__": 42.89039358917017, "question_key": "AAEAAGLOJo+w+QzNlbysRto3THOS1SWLOhzY4yUM4FOMf0yj"}
{"__ans__": 16.067301888657802, "question_key": "AAEAAPX8VN07Ja1KuqkAatvLJr4Kx2AYzRrHXofcit91f924"}
{"__ans__": 53.3433061857341, "question_key": "AAEAAJi8WXjX9CpN4obzh17/QPlilKiNJZjiyVdmeFlY1dEM"}
{"__ans__": 79.78811241165023, "question_key": "AAEAADQgoTsuWfzlXINhIeTEgewjOy5ObOmbGzyDpnEQ0JzA"}
{"__ans__": 24.738606827682908, "question_key": "AAEAAGS8VAIWl/i0hENYprC4RACmWShYwcENZoN2MyHeRvCL"}
{"__ans__": 24.893528605292353, "question_key": "AAEAAGza57p1Ez+GUTeBHhQHb040Cx7ZFuwuv3IICajBIWDh"}
{"__ans__": 17.260828797387965, "question_key": "AAEAALpgHV6VxYRQGcrXfaeGv4o8DG1oUMn2vmal3KhxvTZp"}
{"__ans__": 11.398477903690521, "question_key": "AAEAAKUXDEuIauDkXZWOfgySVqNJoC+3CYzFQ8qYwZGyhLfa"}
{"__ans__": 14.894295526682196, "question_key": "AAEAAN700V2FRnl6p6w10Z2mIalGG0r8oa/wpvB1LQ36+vmA"}
{"__ans__": 48.58389649483919, "question_key": "AAEAAOyoxhDgJfaipQq+gyFOBDEf8krRZt0qXtEsqscZgIXA"}
{"__ans__": 57.209909626865716, "question_key": "AAEAAIdvesXngmMBCdzpIlN8ZPG9obir1zt8OdvJOtEc6kae"}
{"__ans__": 19.535791830604946, "question_key": "AAEAADVXoupsx11RVlOVKvykMtnXQz0kuq/oh0SJYn/Qc8+S"}
{"__ans__": 7.764158832158799, "question_key": "AAEAAObBovav/3W/tdQ0FYCtDXmqWxwLPXauiR0OcDU3bBRW"}
{"__ans__": 30.546425789193442, "question_key": "AAEAAC8v28IKQGQWliOHfw8TKFSm7Cl5cGu6BojTCwSbc0AU"}
{"__ans__": 13.223783836738765, "question_key": "AAEAAM8VKXPQP7fgyA9cY0G5NSA1hrca/3tJ5MDac24Rqfrx"}
{"__ans__": 27.67114899319136, "question_key": "AAEAAPYsMF7Kv0m7GkZq38AqZpBzzIwbv4Gcl9HFLZOYeblF"}
{"__ans__": 17.852744356417436, "question_key": "AAEAAOw94QUfvimMasFfgw1T0GkRyz4az67dmHp12/mqzMko"}
{"__ans__": 68.27679046124682, "question_key": "AAEAAMGlrsDjzsM+7cjYGqG5VSL+WC015OwQTZPcZxGH1Xtf"}
{"__ans__": 19.63714019930807, "question_key": "AAEAALCLBcsD2dGnC3/SK5/lH4d6+3E69WpY88s9rqbaK7wP"}
{"__ans__": 51.649393743038424, "question_key": "AAEAAKJVAO1Ec6oaBQTDfX8vf12gutEtDPZVE6H/JJKn+PVa"}
{"__ans__": 20.228330834360246, "question_key": "AAEAAJKZlktfynRYEjPJDx8hDa3saIj7g6X7gU9s7lQYmubT"}
{"__ans__": 38.65298211170832, "question_key": "AAEAAHHzaefN5Ec7B6OkN4ELKmu+Ahd8uUODK4KTOndbj2F/"}
{"__ans__": 12.268068441568628, "question_key": "AAEAAPGoXvjP3GIZvNosNn5V+APVDVrzerkzzQQS0wseGHsC"}
{"__ans__": 35.24939061089067, "question_key": "AAEAAJE2S+fqrX8JY3mUjr1vn+i5EiiR6Pi/e3KGObYc439z"}
{"__ans__": 20.844187297270548, "question_key": "AAEAALAgFH1OZXaEDMKiPh/MvbcsPyY46smZMnQ60CK3/9ZQ"}
{"__ans__": 77.40031035885971, "question_key": "AAEAAEIcXkDz1QMszplz5NY/xpEMaUnSwRavOAEA26EJbWSt"}
{"__ans__": 16.93603129408229, "question_key": "AAEAALB/DG4dqFDwAcJx1RmZR+O5qz/Iilfanhy5PEH9nu38"}
{"__ans__": 34.56535778273469, "question_key": "AAEAAGlkBnn7bh8IVPhmwOum0b9k7m2N0T1wbnJ2yArXLDne"}
{"__ans__": 14.98064218212193, "question_key": "AAEAAKYHau6anllVj35pzf/H2h8QjopnopEllOGmsBaUkfLG"}
{"__ans__": 14.116121199889834, "question_key": "AAEAANtVBsl0lLZCxoMY7njwfvuVhK7WSf+nxMV1PzCQmzKq"}
{"__ans__": 31.32830109525407, "question_key": "AAEAABR0DqSWYDXPwC8+kuDH3xvMzP0pF1EQLsSd0KdsxiUF"}
{"__ans__": 21.179808716085628, "question_key": "AAEAAFEwaUN8qX9VRxegjA9lwnttbGsl8ZOFYSqZbF46f16E"}
{"__ans__": 41.46790845507808, "question_key": "AAEAAIJXtliIEcZg2oMWa3+93atEUpROF83IHJjCCo6orR69"}
{"__ans__": 21.415115314605302, "question_key": "AAEAAHJ8ggZWNnv3NZJgw0zHPZA9zrDdgDSfnKkh3g3EVsFF"}
{"__ans__": 26.44546424474095, "question_key": "AAEAAGgBdgYka9MHPpIg358Iu+QcGnHnFKzklwQ8LnVDd+ud"}
{"__ans__": 20.15138763814792, "question_key": "AAEAALbaCkiTqxCKENmsPT+haZiA2yp7RxA1YYLzifa0OyeI"}
{"__ans__": 30.49975706493489, "question_key": "AAEAALqcTLGqtjkOsIW/GFdLXjXw91Sm5o+xgpteWbx2Tll4"}
{"__ans__": 45.317840783361945, "question_key": "AAEAANtZpYaVbMKDO4NAiedeBM2n4L0QjIouri8AGoCX2Y2K"}
{"__ans__": 30.13445958442949, "question_key": "AAEAAJ1if0Mg2ggbSMkps1ezpj6LwsT/oD/djSLG7FHLWYVZ"}
{"__ans__": 11.678389815544516, "question_key": "AAEAAPzSTllqeVb9o3rqGf6HD8HbobBE9rr0AIv67z5brsiR"}
{"__ans__": 69.87373580085887, "question_key": "AAEAAF66PWVZEVeT66f6kNp4Vw41gbqjiiaFZvNjs3YzJYtX"}
{"__ans__": 15.310308648245014, "question_key": "AAEAAB7rr9npXVJoPQQmm4/1YWXKB7nOS/hl58JX+QBp6Kqr"}
{"__ans__": 41.30642969445816, "question_key": "AAEAADbywS2KvojepA7VyTmSCDBiNFHpF/4PevMLp7fCahML"}
{"__ans__": 14.833639428346244, "question_key": "AAEAAOzilawf2c4+to4Cd4GCqVga+DDYleE+04iegEia6AY5"}
{"__ans__": 44.38596601260375, "question_key": "AAEAAEDmTggsSLsu7xsbynb8qDb3aebrmTGKYxtLc7vMUSq7"}
{"__ans__": 21.2840455769454, "question_key": "AAEAAI3YYXpBwgAtwk2SNzrBCGUR5ZFFTgBP1hKHTIw1Lrd4"}
{"__ans__": 12.912356943216887, "question_key": "AAEAANrYj3detN/+O39ZcoIuteYBAN0G+2pZYieEukyOlfoW"}
{"__ans__": 20.01010409099567, "question_key": "AAEAAGHNquaYoJP0ShA4/+KANjTKKIXoLG9+fghQbrW8ow2f"}
{"__ans__": 15.242702693629218, "question_key": "AAEAAFCIliiCrdUdsBHjVJKE4A/hWoW1GrPSYzQuZV14cFjX"}
{"__ans__": 45.81469875576834, "question_key": "AAEAAO9keWuDJI5B6/sFVHxLSvlLPkzfU8/ifUpmupKVLFPp"}
{"__ans__": 50.010857152938385, "question_key": "AAEAAEEYSloz/5ity27e9S/x1kupis/ZasXMBRQKTstzAFkx"}
{"__ans__": 33.93971116242551, "question_key": "AAEAAMIG0oVZ9wQzNOXAMxFX19miVjejMf7g+N7M940WvEkx"}
{"__ans__": 19.577868525202042, "question_key": "AAEAAGIya83flwN+cze5eeZ5I269FIb6WEMf0qeoo6iis8tK"}
{"__ans__": 33.680237519697776, "question_key": "AAEAAACYwwb1FB6UNiqIlSqr81AlPt6oPtDihx3BsMRStoZX"}
{"__ans__": 17.51053933446278, "question_key": "AAEAABaaJx+fuEF3C1/X85MKeFGWereIVqUeoGGXcEt7IFlD"}
{"__ans__": 18.396640925840394, "question_key": "AAEAABVguk/0CrEwDWZLn7Zis3KDqnshI4h/IAI6loEGfNzX"}
{"__ans__": 28.487911884455446, "question_key": "AAEAABCkal9+RBbtts73IEYYVr0kEzd37uxX6CA63BDkU4tu"}
{"__ans__": 13.544938138415542, "question_key": "AAEAAOCO5bf44yQsVYrtzm2BjyIE7NOZzVstfXIx9ZZA/wbG"}
{"__ans__": 25.086436890661822, "question_key": "AAEAAGBeD+E8iYekbpy3N8EaQ/wRuCPJF0pcPxZfMwyWvwr5"}
{"__ans__": 46.20893696442563, "question_key": "AAEAAMnCqJ9EyiLS1Lxi6lGGDRbV5iXwHMk0vHSsYMYPArB6"}
{"__ans__": 51.216203702845206, "question_key": "AAEAAIomqtsazzhS2iAG86ouLIe4dTn8L/GXJjmJoAIUQi8V"}
{"__ans__": 31.44266634067487, "question_key": "AAEAABheO1JgQPgzqZ9OttKiMS6NjvDHlwmI/ufKcEScw/UR"}
{"__ans__": 15.199419867927238, "question_key": "AAEAADuLURQ1ojpj6Dm6041f+z3RFj2fZayQJbEUYTQhcvjm"}
{"__ans__": 50.52783466718172, "question_key": "AAEAANc39BPPURJqNHRARzKnMj6/5hqBHQjEpm9p9SMDI4M8"}
{"__ans__": 30.08970489263556, "question_key": "AAEAAMioLUDaWxS+r0N4l3zRLNLfgdsinDI1VW9x+rSW4zRH"}
{"__ans__": 19.06077933633538, "question_key": "AAEAAE2Zr3im0cNh7ekjO+1HzeWMT7D/SLdi3rlcpKGoKXIa"}
{"__ans__": 13.250193582705114, "question_key": "AAEAAMSYi4VxwEOuPTsZoISNn0uhDB3j5Gl+KPdKothvCS6X"}
{"__ans__": 32.424537910655545, "question_key": "AAEAABcwGZrh4vL5agTcHKGbEij3RqWmLkMPeXfzwbauQeEa"}
{"__ans__": 68.36587844252222, "question_key": "AAEAABOnQ61uttZdCWCxWtEJu1y0P19myrHNQqMKPYNpQFgW"}
{"__ans__": 12.407077002318072, "question_key": "AAEAAF/Kke6OinCCq2oTx2M4HqueQqwqcXFeVUfrhesaI6T9"}
{"__ans__": 15.076726545346878, "question_key": "AAEAAOX9LCUAQNSPKuS/dXRkVTj+IYkECDm6HN9xDrW5J73C"}
{"__ans__": 24.739870711998904, "question_key": "AAEAAMTmgvKZb19tMmTv41jFNv1f2H+NzYQKXAVpWfFet/cz"}
{"__ans__": 27.392186015075037, "question_key": "AAEAADmXKiXPGKYIGxFbLSdEVWrMDfF2HYEmCIOLg8WS9u7j"}
{"__ans__": 46.587033122629556, "question_key": "AAEAAI8nM4ezh9OiQwT5lBMHGQNj1eidkWdCKsQk/JKj75/C"}
{"__ans__": 36.20640143033673, "question_key": "AAEAAN2qOAA6B0gJlUx95RRR2lpN1evsO5WkMr5k3BCXGTE+"}
{"__ans__": 41.56169962868099, "question_key": "AAEAABxgDKjvEp4WpTb77wUGxqpbJvejL8425GS3zJcP9BUR"}
{"__ans__": 23.891203892170935, "question_key": "AAEAAEkd/2aNO1XT/Tig2jGZwZaQemMQ6KiZ8dDQ3rAZ+ohl"}
{"__ans__": 24.4181928313689, "question_key": "AAEAAL190bctHpeHpjAWkZHNWz9Xd/bcls4R1QKBhzSuRS1F"}
{"__ans__": 44.54317697318468, "question_key": "AAEAAM8DMiFU7Z/02dgxA/0yq2XyMDdegj/DQFfyf9vBFOlf"}
{"__ans__": 48.931814242808926, "question_key": "AAEAAEhqRGFDcOqsUNzCblg75VpXMFxMzYVDbL08PeSbi8Cu"}
{"__ans__": 44.24757678342177, "question_key": "AAEAAJzFX5R0CQLSfkKn4c+/xHZm52l3D6/uVm/Ta8AwD4MP"}
{"__ans__": 23.772084762443864, "question_key": "AAEAAM+sxaNe3/8vlSgh5Gby7+/zh5T4Oq9iB299R1nnnZvE"}
{"__ans__": 16.4673100375292, "question_key": "AAEAAIYzmajNh/uxkkrY5DVo3EjFDCF99+hfR6I2/z6319XQ"}
{"__ans__": 36.19981845763884, "question_key": "AAEAAMO+hrPqH55abzHS0dn3BLbf67oAXhncpwSCDGaQPtee"}
{"__ans__": 38.71698495404493, "question_key": "AAEAAB7CR6Mzs/01uA0l25eu4CKn/nB+2IpB5Xs9iJ3oGex2"}
{"__ans__": 13.871307308886603, "question_key": "AAEAANfcSY2YHsbHzfwfChMmZ3Hs0OIgA6K6GByyL4/VdJuf"}
{"__ans__": 20.552572657107774, "question_key": "AAEAAKEdYM6CJXjePnPtHf5mWKkOFUgfQwH81Nq2sPBGTf6H"}
{"__ans__": 17.277973755098827, "question_key": "AAEAAC7VLjEw7gCqAYs5sIG/Nr5v1UVQSDYwQQDqvs4Ms5/i"}
{"__ans__": 16.08188548412037, "question_key": "AAEAAPO0+HGkJTvazZ2/f3rne1lNX6J3FsbgQsBWE5qnq+Dd"}
{"__ans__": 36.910954803394745, "question_key": "AAEAAMDKrATX3Yg861X5wyumImiMHBsyAe3adwNkfDdSyhDp"}
{"__ans__": 47.14202594051805, "question_key": "AAEAABbs7ImzS5MNL+2E/Zk2cKUJMUgx8uZqIUuoLfv+ZPnx"}
{"__ans__": 25.090380597775297, "question_key": "AAEAAGZrSDCK+MtMufboJ/fes9pABcNH2pdG8ghp2bDIYXR4"}
{"__ans__": 23.25865387843644, "question_key": "AAEAAEVzCuV48O/Gkj2uJgSDl0MDgH+PHdybt1XaDFciV1fO"}
{"__ans__": 50.679896886905176, "question_key": "AAEAALIBW6TG0pyP2lwLWoN0KDasDYg3Nb3Yuun/hrJwd+dd"}
{"__ans__": 23.124256131631366, "question_key": "AAEAAE8cQU6FK7XIHQhIEHQK5gj1UiaQ1mHfYgAw2900Nk/K"}
{"__ans__": 18.154794688957992, "question_key": "AAEAAB5hGzc0tX3H2f732w2JqHBpGyeRUjPq9vMpqtT+pBEW"}
{"__ans__": 35.74182927672466, "question_key": "AAEAAHwCvnEqHL/oJXRyR6s8uSKvRdRh5Jh1YNWuItaIH0cp"}
{"__ans__": 15.571508288393664, "question_key": "AAEAANVoPWWh8zDFKTgtO665O5Cp/80FdacWph3bi8EAs8br"}
{"__ans__": 23.47598230900997, "question_key": "AAEAAGnpS4lxxxNRYIQxPHOD32SgvSPzRcZPb1m0tVHU11Zv"}
{"__ans__": 35.24641793846853, "question_key": "AAEAAO9QPl76KrF9S6vs0RswuOpFWn2gQ4hBLkQR6F9Ytcus"}
{"__ans__": 48.86124104843366, "question_key": "AAEAAGJYeE0glxDGAF6AtzkHh0DjEHpR53c6fY/KIRCGZ0/u"}
{"__ans__": 16.326479629884144, "question_key": "AAEAADNCbrvNDOoaPadRyZOrymD1FnQNRfJxbELQ4MrVkI6H"}
{"__ans__": 16.645504728621116, "question_key": "AAEAAHfSKRjz4RqvINqOREAXx50z3F8f0VzZh3ao1GZ/nLew"}
{"__ans__": 50.25575210390082, "question_key": "AAEAADBb6rjuHmaHaSmQc8VpXmjtCXvNAQFGm3TpYR55V302"}
{"__ans__": 28.837731215183386, "question_key": "AAEAAJ7gfVuUNdcfrfXLYmEFbAIGiNxdlqVTCSKrImuFewS1"}
{"__ans__": 10.86646708395545, "question_key": "AAEAAMTKIpp0Ead6ZysDve+0XO6AMLH05q2oyxVN3WM2QNFZ"}
{"__ans__": 9.741942767958086, "question_key": "AAEAAAKjfBQ0xDEnzSK8Xke2P5DeiiRWdm0Z2h0LLJs6vcSq"}
{"__ans__": 13.237037806852792, "question_key": "AAEAADTMFYXRVHVNVLuIorrqe3hWy/gYcQEgvxbvM5/tegl5"}
{"__ans__": 23.569028941192197, "question_key": "AAEAAL+cSk3a4+iHFxqsWaO5RXLUCscd5R1cQR4VqmiYjHMi"}
{"__ans__": 17.43479858297055, "question_key": "AAEAACDc4evIotz+HWqHJegg2BsC/C20VMiddiNIOPHq49R7"}
{"__ans__": 24.575422285709063, "question_key": "AAEAAICtAcz1DHhv29usIH8Yx4xZ0N+7Wfwv8O7Vi8A/O4NI"}
{"__ans__": 23.90029651288712, "question_key": "AAEAALNxuZ1pWQXFLfBff0tWunv5j8MXZFCufxT6yUfULOt6"}
{"__ans__": 36.883729739134395, "question_key": "AAEAAE4DQtUtoGYZYDsZDhsZbpRq4/UVhIFOaTeHyBhazOFh"}
{"__ans__": 13.144907573998664, "question_key": "AAEAALxyinQaPJidBtAxR9mDEUAnYHWYza0EW2PJ1skZoHAs"}
{"__ans__": 21.449975579920952, "question_key": "AAEAAKmXQ7NL5F7esLiiC7yBUqvX5tSKDrDyuP0Oa0V/N5Vb"}
{"__ans__": 16.48957524323844, "question_key": "AAEAAL8VKIBjGk8LCQ6WMTO0F7VJLXNoz+pkr/8cLEOPffu1"}
{"__ans__": 23.152938232598125, "question_key": "AAEAAAcmiO2Sk8vly9miczb3HWEM8VqFJq1uf5E35az3wtc1"}
{"__ans__": 18.612614963640127, "question_key": "AAEAAJVujxlzpjKffrmGqW36IZ2PqnyBAeJSAH/4M/DUMvYA"}
{"__ans__": 8.111509193105833, "question_key": "AAEAAG86L506UsGlUV9fq46Ve/moiZJUoQKRj/ACMwF3xvPn"}
{"__ans__": 14.18367591441206, "question_key": "AAEAAFAG5rgL9E6B5j9Wy2mapAtHmaJ/NTQV1pd8zYIUYkKw"}
{"__ans__": 16.466673570208517, "question_key": "AAEAAO5ACdIeeMh2uDh/9t7nuYv2dd5vZ5SMQmFpFbx1z+av"}
{"__ans__": 12.942946803205535, "question_key": "AAEAAIG3mgLPtAx9Y/r4ymjkZ+BZaTVzQ0m8eK8W0GtOoPgI"}
{"__ans__": 23.013717689086057, "question_key": "AAEAAKZ3kbJToG4sckiR3gte/DjCWk/7+9saOy3EmVY1Q6IT"}
{"__ans__": 21.492569962163746, "question_key": "AAEAAPpW+pfZteYh2SrDBtmg4bydPc4es/8vNwzty4FgZKaJ"}
{"__ans__": 46.72928382499138, "question_key": "AAEAABqFqk2ILnCBODj+Nyq94Vb8iLSI/e+nnkyD8ayjgHOA"}
{"__ans__": 26.7812298316956, "question_key": "AAEAAKZ4e8tYUL/sq3FwOLpOhq0QJZFlo049aUKhAsfTWNew"}
{"__ans__": 35.23285466035427, "question_key": "AAEAAJ49kqtbTZIsKpojnLxppgQ1F6lsK9dmsCNzWD1vwOCJ"}
{"__ans__": 37.317745626735594, "question_key": "AAEAAAOpJaPLr7YbN/9K+FymN+p/9DVVKaaBM2iHC75r/2P2"}
{"__ans__": 12.929084571533044, "question_key": "AAEAAImkOkQs6IqzyjJ4wkjnRm/IyHzmOPUB1TiXUaFo1ioO"}
{"__ans__": 19.36194123385112, "question_key": "AAEAACLJbgIlnd2dJE+1939p356jVTvKW58vbhBhMbNpM/u2"}
{"__ans__": 20.320097870054415, "question_key": "AAEAAFsAJa2pfAwMEXgihXXthpE4p+rAigpvIuAxsng73z1i"}
{"__ans__": 36.56008424175057, "question_key": "AAEAAJHSGTciY5h6uZFGXwt5Uw8OoY6ltYKbQVRci6m8mGk6"}
{"__ans__": 55.430483044075835, "question_key": "AAEAALOAOfy2MMwvLrj2sjYbHWzCCnjUf9rsFl7pDpevkzwD"}
{"__ans__": 38.90778994665144, "question_key": "AAEAAHLXrq8L8656qzT8NjHZCvhcZUYwqWGJipbkqLMb6vIJ"}
{"__ans__": 48.35101301542374, "question_key": "AAEAAGZIFncgWmKMPbkwhs6V7D8fACIFTwFgm3/ZLzR858x/"}
{"__ans__": 26.736922657329032, "question_key": "AAEAAJuTuKyHrVNrcHjxMo1givdRb4YwM9DuiWGConFQ+ah9"}
{"__ans__": 48.82638355039716, "question_key": "AAEAAN+hLMfHwn89jT6uNFPnb6oQTaEll0c/Iarg2KEr48fP"}
{"__ans__": 48.3465935376068, "question_key": "AAEAAKHuOxSIS2FlYIqOwx0wSWjn0Rmcn+dYnJVctePV+2hY"}
{"__ans__": 14.209130183550718, "question_key": "AAEAAIBMjw8RafqNJNRX+34bgvTXeph4DtGANKWyaNfkg4xl"}
{"__ans__": 9.708782607924823, "question_key": "AAEAAI++yt56Bl+ytvdIfH1Mi0nHP0EVqCySp/9bqyAtMVfD"}
{"__ans__": 23.053490445244535, "question_key": "AAEAAFcagzqKAsY9HqUpArkIC3GUooUUsO9aa5wgSJuejbF1"}
{"__ans__": 11.254498966735248, "question_key": "AAEAALNjvaCTREegjU3xSe+vqgza3p3uaH2VPwrCZatSOlPd"}
{"__ans__": 27.88735799504953, "question_key": "AAEAADDByIk6ItVnSHcHjyHISoFkoPzH/zDl3WjTsoasuhr3"}
{"__ans__": 20.273980798410495, "question_key": "AAEAALPz9DqsExfYOaASAZF7Ju18RjTMGqM9sx0mOFPq7IYN"}
{"__ans__": 32.659221173909806, "question_key": "AAEAAHfW2Wl/nSA1X/dffD+pxgFtDLoanJhX+UbEKE5HRwNB"}
{"__ans__": 27.185685047648274, "question_key": "AAEAADFGbAmMWVWvu1aINUxW1KQZZDwvDllF0+zCMAC/Te2N"}
{"__ans__": 28.361222379407874, "question_key": "AAEAACf9qwsaLNNeyPgjJyeIyGQCQDtsOwQuBZ9MhX08fZhZ"}
{"__ans__": 57.403649829243015, "question_key": "AAEAAMvxsA0dWGcji8lq7FM3TiphBl3HM5fW6fMrvjhUmNJL"}
{"__ans__": 65.5526502818563, "question_key": "AAEAAKRIh+LJNBBa8NRidzDrd9N2cBgbe/rXjVIRJ/xoocWh"}
{"__ans__": 33.705914031466975, "question_key": "AAEAANbZkTHJRVDUKbIIljfLQhXBOKZGCM/UNmkQCCi/eeYc"}
{"__ans__": 15.537965698347863, "question_key": "AAEAAI1ybomcVcs9ioXsy/nm4Kqm+gPasSVD9LYv8vkQvmqM"}
{"__ans__": 18.26404382703686, "question_key": "AAEAAIVF7mMRXLUX/UPzkKPhYVNhDao297hpllA+ybBM/XGE"}
{"__ans__": 10.39185663218398, "question_key": "AAEAAFCn5VNuo39kD1xSAnHarSiCvKtHudNjEsxjlN5QkO7Z"}
{"__ans__": 15.699720153861124, "question_key": "AAEAAGf3FYW1MtJA35btb35vJySddPscfZ6fN8IFRM82uGx/"}
{"__ans__": 44.10652772900257, "question_key": "AAEAAMp90SWX3ve4eFreI1EOfH9y4rXaUWiVhVekhbDc2wXN"}
{"__ans__": 19.60300105055177, "question_key": "AAEAABxUnV7fsA3VK5vBNcTBKdL+3kekbygPYtEuabV4YXls"}
{"__ans__": 53.2104481831633, "question_key": "AAEAAKVGqhS1vfsb5SSCv6ebOTwxLzRc47STYtxYQe1TZm14"}
{"__ans__": 25.250072878811856, "question_key": "AAEAAJUXtDe0FTLWUL1ala7nGxCdT9rMoJIzSxbxwuAh45B0"}
{"__ans__": 13.574214541070624, "question_key": "AAEAANl0lEbeogqDlgu8Zr8dLfLdVeFb7UFIX/BhfuwQjk/V"}
{"__ans__": 13.692796299143245, "question_key": "AAEAAL/yueDFUfMsSUDjuZvSuILU5CAVxz9ZaAvz55BAaYut"}
{"__ans__": 19.164892612489826, "question_key": "AAEAABtbQIgQEs0gaTEjs48Fmg85OthYZTm0tZARRZ8cliEP"}
{"__ans__": 30.852298158279826, "question_key": "AAEAANrNwUXBP4paCqE9BdNHiujIcK8l1HzoqBbW4r1zefWI"}
{"__ans__": 47.65307804495619, "question_key": "AAEAAIezOrhSRrdqyaogdQdGiyYJJYHueeu6ChjFW7viRtfw"}
{"__ans__": 17.11308184261637, "question_key": "AAEAAE/7vvw4019JQbrQvLlDs+0ZwV7878tIpj6tnO4picmC"}
{"__ans__": 34.596838064197044, "question_key": "AAEAADMINlO1GIFmmV5oXDqhLgFSb7/LlnJef/EeGl3cv5b0"}
{"__ans__": 41.87156226571711, "question_key": "AAEAAMGifxkfT3QMzQI4l83qZUMTXARHXQCkM5jOAN7O6KSf"}
{"__ans__": 35.575475733252304, "question_key": "AAEAAH8Qo6bzuX9YLWqt0wuWrLQ1V8quYqVBZuYxBd/nvShI"}
{"__ans__": 23.452163954102044, "question_key": "AAEAABFKKJ57PJeDiuU1r5j8H7AkUHs7b/oU7t/9SNxW8q5P"}
{"__ans__": 38.169822410202, "question_key": "AAEAAL0WVsy1o2VthDwkKMq+wvrjYG5hIManYPs7IAkx5O4z"}
{"__ans__": 13.041423038690779, "question_key": "AAEAALf+K6QJjOY1cEAEc+uzlkNqNgMFXaStQqQB/QNfcKZ/"}
{"__ans__": 43.102204943172865, "question_key": "AAEAALvhGuQt/4AzHo2ILtfWkx8aqPq6pylSgmFM/MMffZKy"}
{"__ans__": 42.62655737565617, "question_key": "AAEAAEKxGhqJmsHzRZlSH9SsqqIWI147bzfIx62VPVgeCvi5"}
{"__ans__": 14.863777274609697, "question_key": "AAEAAF0CIvvIOsaD93Xx2GncBVKVlOzs5+fRzF75O1dgYnRB"}
{"__ans__": 12.905208826117166, "question_key": "AAEAAImx0sjgEp+D+dJufBahhk6PWQt4YOQ5LWL8pu3Ltheo"}
{"__ans__": 20.499170732379618, "question_key": "AAEAAJiaxcSK/1UFhfMnVkAbz+nXyzzBZcPQndFNc5zNEtJ+"}
{"__ans__": 41.98637082802539, "question_key": "AAEAAHwgAwds+R3mVh3L9y8JYRrd7iQUgUNc6FNXgDY+WS/S"}
{"__ans__": 30.15056070920644, "question_key": "AAEAACPDu3UtY2FqGeoPhj3Cuv/OqSxN2E2Lsn1QN869TQD3"}
{"__ans__": 38.83739292458964, "question_key": "AAEAAAljVoK9ndc8G8ACQfXJkl3t2/kqs+vqsD0PXAyWZ/Ny"}
{"__ans__": 14.391365221783149, "question_key": "AAEAAM/tdemxLZJI+vh/aCB27roYNScz7nTPSYw7QDMIB4G+"}
{"__ans__": 30.23933175808984, "question_key": "AAEAADAJPHMyKq9RnQ/Yc8Coa5FcH8dAzhnTouKx60OUI87l"}
{"__ans__": 76.53542880321645, "question_key": "AAEAAI4O39e4YM+NPwu0kofPPX88QAE90qFrCPcLovoLIsAb"}
{"__ans__": 15.981394603062993, "question_key": "AAEAABLCJAcj5O/mGO8nsGHmRY+Mo32AmgA4J7NnO1eUJyzt"}
{"__ans__": 14.883545453289445, "question_key": "AAEAAI+4pD+4psUzQ1sclw66ZsfT3hjUJ/HqS3RNMxjO3jth"}
{"__ans__": 34.80930426758825, "question_key": "AAEAAHvIWsmQ/MjBU0mwImpsWLzTK4DrKSKiW4VEN55qasZc"}
{"__ans__": 57.20058906581201, "question_key": "AAEAAIkFN/XkYBRs01BtF11hsGrvZUQFw19VvhPhQslOVM9k"}
{"__ans__": 10.686686664563728, "question_key": "AAEAAJnWpuTqVWnC93U1xcfoGGWG0L14UaJeLLCsTtucrHB7"}
{"__ans__": 33.273197058772034, "question_key": "AAEAAMA/AhQHOhmExFns2Qke8bTQ++qLLfdwdPGVghrAZaih"}
{"__ans__": 40.71378873116983, "question_key": "AAEAAKYb5y+EBDN76xmDIUfYSP7oCuWms6WLeQvzc+AfvVjP"}
{"__ans__": 95.13025440878103, "question_key": "AAEAAA6d4+w1jLBvMRKWMgv5dpJWPXHOaIuhb05J5B6L/c86"}
{"__ans__": 46.75478981037662, "question_key": "AAEAAHbCcw0v3Y+TCw4ANtLhU8KCemGeUe933my4nLS3dzab"}
{"__ans__": 16.344501132110384, "question_key": "AAEAAAvqC7iBXdDxzNuWuSN7VTv9izlFNgYsmeS9O2U7dXOw"}
{"__ans__": 17.670409772722465, "question_key": "AAEAAL7uEYwK1noQ9hRG0cfMTWf3vDvzWHToWXXaaSiRFo4z"}
{"__ans__": 40.3910682804689, "question_key": "AAEAAACVWMj5JN3m2zzRlrKgyJQnNcFPb3BxEN82AMKgR3k2"}
{"__ans__": 19.11214546490445, "question_key": "AAEAAEf8ZQCzvRYOnyHUc9hfKpZnOSHfvb438cV/fKYLpPir"}
{"__ans__": 23.260747207816525, "question_key": "AAEAAD7wp1E3DX9n2mTvyhQ0SPEM7ztQORCmp8zeBzF96ZIg"}
{"__ans__": 42.12306850868354, "question_key": "AAEAAI2Hwrkn6ak7k7KNVE7aILrdUSrCsGQIrY8rupkgXogE"}
{"__ans__": 49.27747219578369, "question_key": "AAEAAOpw0hfCyoG9Rj7K/9HEnN6aMfM1ry5e/357ktBgWl9u"}
{"__ans__": 45.741693470091874, "question_key": "AAEAAMP7AhKAslgLI5vOYAPFfPxgc+czU56AoQTRiLIPeQSv"}
{"__ans__": 7.375561078177196, "question_key": "AAEAAFo/oB1+gHJ2+9snq3Mq2JVSjOHxXrImdAByoLFrxtbO"}
{"__ans__": 41.40455518618219, "question_key": "AAEAAGca5f4nc6KBUjyuYxIol0YR04vSnOc85ifr5dxRF3We"}
{"__ans__": 33.06080119911517, "question_key": "AAEAAOsNMs5Vi1n5vjmSqPH7y2fTTcjHp+75yUIFWkAwdexl"}
{"__ans__": 12.9341252995318, "question_key": "AAEAAJHsrqHIXbXzGDQ1u5JQo3GBN5RmpMNXBU8ttcNpLAdw"}
{"__ans__": 21.293614700612565, "question_key": "AAEAAAlefMjZ0gMgmge9I86aBby/dIcRZn18tQnUz3uYyidc"}
{"__ans__": 19.48117788846562, "question_key": "AAEAALmUGZw0RavEQalsqLI0Tttk0wzoDc4S6xOltk2k58Vy"}
{"__ans__": 82.14471753302905, "question_key": "AAEAAGvG6bSowaOtpTZmpKbsLsWoi8mwYijKlITEC4RWjkn9"}
{"__ans__": 16.100285277866405, "question_key": "AAEAAP3+9LpKPPe9Q+ySXfFesK64pNgH/u9wWxR3YdbocIgP"}
{"__ans__": 12.808451378901017, "question_key": "AAEAAAjm/wL3op0bMOUXwlsJLw4SWIojugRcRt4Fwj5M/Q3y"}
{"__ans__": 55.22038351064266, "question_key": "AAEAAE9IpUQJBQRpqU0WR0Erj22ZINeDu5n/UwNNB/MTnbCB"}
{"__ans__": 43.07570260047283, "question_key": "AAEAAOz7Y1Odk7CoHwHSs2PZMPcFysfuzmLYnlFn3GHyt7L2"}
{"__ans__": 79.95093237997027, "question_key": "AAEAALtZK+JUyjhKMZB8yn46Jf/nTg8mGsiYuyKsqFsg/uXd"}
{"__ans__": 50.338505615663415, "question_key": "AAEAAGgd/XrGCyn8cGVi21uNRyMXET8zkWkpTvJC9vUiZigG"}
{"__ans__": 28.095458813312536, "question_key": "AAEAALzpQgFz2P74YMxnkC2Attk1+FEQY/6qvRrnfUauBZMy"}
{"__ans__": 11.627193208794289, "question_key": "AAEAAMW25BjHDQK9whOjnzoLlXacKOODNPvyTLT1KaIyoxTg"}
{"__ans__": 35.57680309705725, "question_key": "AAEAADMcZTkOHUaQ/k6qfio+avAKbrfxOX3K8cHJNSYZxCic"}
{"__ans__": 16.72790967458487, "question_key": "AAEAAEMOruXAzbeJVzPpOHuiYtLWxsuwnmVVJ3SkecNmgiYz"}
{"__ans__": 19.032687692017852, "question_key": "AAEAAMj39109idCmmWajM+nO+sJEDI4OWfbjbPYhAJFqgO7P"}
{"__ans__": 46.52922840309052, "question_key": "AAEAAPb0XQrRx5h3aZlpu3hFbxe82CHiglTR1pcgnOZsGYJ4"}
{"__ans__": 13.54472851541812, "question_key": "AAEAAOsvW0KxYrBdAU0jVX932WPR7mxhqCxnv1xdDbSSzR6z"}
{"__ans__": 32.31538009154842, "question_key": "AAEAAA2dxOA73OiSp2ClDBKRyBZ3cmyaIxA77V1LLtVI1dxI"}
{"__ans__": 55.58581832501368, "question_key": "AAEAAFGHg2Kra3YHq6f9cpP6SD80zUKdZtTzSMVh7T5Lu5CO"}
{"__ans__": 57.13008729431773, "question_key": "AAEAAAaRyeEJxhCyqiRVFmZd0YuFFtRuLO3LMrr1z3lkjVNY"}
{"__ans__": 44.103257208893275, "question_key": "AAEAABVPn09MNwlNNOdYLu1Q6sJ0aroDNZnMuNN81y9mjN87"}
{"__ans__": 36.1909076286968, "question_key": "AAEAAHfMoYJzcIg2BAqsG4cdo3ZppPiwWq447q5IB5c8w8wJ"}
{"__ans__": 46.04522530959623, "question_key": "AAEAANLMNfrdQP3ZP117zF53Hg2FT3fvyzXwwAzZGqU4y3IC"}
{"__ans__": 27.31124264642808, "question_key": "AAEAAO0SAh7hLzH4WTNQqph3MGYRMN9j8gVuq3RF5SOzURaK"}
{"__ans__": 56.28777768291796, "question_key": "AAEAAMqK7nAzfjky/S+soqpIHyj/4cIgUhXR55ZXe00VvZ+k"}
{"__ans__": 16.029618547884485, "question_key": "AAEAACZ4feYF0fDTLksSsdjfmwGO0f1fxgXbRlcN1JiXyd4A"}
{"__ans__": 11.8376429332558, "question_key": "AAEAAENQexoBPnDa1ODgw2ZUsc8kPeQ6yV15dz566JzCLTLb"}
{"__ans__": 28.820947181974443, "question_key": "AAEAAFxJRevm8223xU58YBGFgXSUQ1gpKfcCvAJBUt7xt/dv"}
{"__ans__": 44.59023712805789, "question_key": "AAEAAFXeG2Ru6f16FF76Tm3I4Kfvz3geu+t89yfxFf2cDxP+"}
{"__ans__": 24.69607144706218, "question_key": "AAEAAIykHQkLh7LLrtTuaYpzhPs1Mv8p14xxoX1Uv5o3SXQc"}
{"__ans__": 45.911893945749384, "question_key": "AAEAAOzuMMzZ64w+mDnCHItRpZm04/Qzb+ec/svtQPZknErb"}
{"__ans__": 22.95325327941096, "question_key": "AAEAANLoqG5Rry8xeFxA0VKOFBurREL2jmUa2rcM1LN1FCuP"}
{"__ans__": 10.147666384717601, "question_key": "AAEAACHl5vfhfG2O/h8BLraUTP8ZFsOxFYxSgN59B0WrL3VV"}
{"__ans__": 43.587066593489865, "question_key": "AAEAALzDEYXu+yjTg4+UVcdL1POlav/q39UyRdiGqnVbxJxD"}
{"__ans__": 24.373024978560384, "question_key": "AAEAAJdPuafKREe994Pj5J1/KRDomBPlu2Y2eoTr+d8I49To"}
{"__ans__": 10.176616646968057, "question_key": "AAEAAPMBliaXKBrLHw90J3fdHDqhHgDRK2fguR8M9Q3eCxoD"}
{"__ans__": 20.136964461847857, "question_key": "AAEAAPKcMhy+CP2lMkq3CL9Yw5Xwe5y5mqYE8QKw61Pyknmi"}
{"__ans__": 49.471281971894186, "question_key": "AAEAAAEP+yKatkD0aumqeKdH70ZN9xeSV0A2gqCqz5DNhCLG"}
{"__ans__": 61.39365071342046, "question_key": "AAEAAD+XcrQfJzBtg+hAyXuzQ0lO1ahGPdAMeWUUhzsGUaAw"}
{"__ans__": 23.29142163878223, "question_key": "AAEAANjMDqXISf76a8gjSfosAJx8EVjQHHiHRMrPlLO0Uq7J"}
{"__ans__": 38.75156465855483, "question_key": "AAEAAHlXPWWoLU1Z61iIarm92V1aiXxqBBDi3Okx4M2cMdia"}
{"__ans__": 31.879957491476638, "question_key": "AAEAAHQGxjZNqKaD0s+EcPOjT3DVr5Ph++nCs5cF6otXiaEu"}
{"__ans__": 40.558935628260315, "question_key": "AAEAAO7xE1qh4jgjiK4MHpHU5xG9cSryieDLu7AqMRYxSQRp"}
{"__ans__": 44.43464886396711, "question_key": "AAEAANcab2rzy/eh5UU03egSq8TbHzkScUU0eCXSiyyaMQhv"}
{"__ans__": 23.382637997548077, "question_key": "AAEAAA3nwyM3pv9aqY/eUKEpDxuN7LO/5WBMiMsadZyvDu96"}
{"__ans__": 25.370110389394874, "question_key": "AAEAAOvscOhJ6xKfEUY6uAEK8vguQOEyo/sBi/cy08O5uFoK"}
{"__ans__": 17.53879391315818, "question_key": "AAEAAGBPjh872Y3FK40sk+7zXj169rnv0CU9f7HMrLmLpEAu"}
{"__ans__": 15.079610195962568, "question_key": "AAEAAJ6disQU2wRHmm2aOr/rXepzHiAmTmsqKFgWwi3HyOYw"}
{"__ans__": 19.824656186613247, "question_key": "AAEAAL6wRQhokNqdXWy/f/cKfmDe1hqL0sBKXj0FoRSyYsEZ"}
{"__ans__": 14.874990048702543, "question_key": "AAEAAK8uJP8PctQRawUr6RvqPMqUFksTBGQ9ZtKlP42ikD/p"}
{"__ans__": 26.606277522094427, "question_key": "AAEAAED6AB0xFUMx+mPCvn7uwjcT5WlICUSn8TdqFh0f6EAp"}
{"__ans__": 36.62355540614441, "question_key": "AAEAAIj4r7jDXDjX+PR4AdglNfUkSXoaqnnKDQg9HPBwmVZR"}
{"__ans__": 73.66925844453316, "question_key": "AAEAADS/h0VK+5a+GdXu8YQPS6rBaagwLJm5bIb1RWmBJRPd"}
{"__ans__": 44.762487625858036, "question_key": "AAEAABhPe415n0Z809nTJhCjAiC5U81DhMvF4J7YeEHihL5U"}
{"__ans__": 80.98172708569305, "question_key": "AAEAAINrx/xomid/gaVl2DqI4jYD4GoKTlkXVDMJHkoXQ/Q9"}
{"__ans__": 23.6302339381186, "question_key": "AAEAAL/clnnQwOxs/JWjsM1A9zvWARcMbMGenoQCR+PGKGMO"}
{"__ans__": 62.9531622776202, "question_key": "AAEAAG1Cy5m5T5+jhgroKvEb/dhzAQKsEnMN+ABNL8qJF0SQ"}
{"__ans__": 34.12690490828249, "question_key": "AAEAAJrVeCU4f7osslO+inRWJsjmfV6Q6aDVvqCJeru+EJok"}
{"__ans__": 41.74754594555956, "question_key": "AAEAAGqUjw0YtAz9+g5ptFS0sn9NlXifbsVs5tSwbYdiGvT2"}
{"__ans__": 28.656907886183422, "question_key": "AAEAABw1GXJb4lNZOq+bPdU/SBJt/u9oW+ozPXdgICH5tU98"}
{"__ans__": 78.84310635523366, "question_key": "AAEAABhW6yMKasH3H7TNnL17kILHmWRW02OVep3VmPvrbKat"}
{"__ans__": 21.34023794788282, "question_key": "AAEAAMq10Q1Qk3c2aUJvQDO0FKSwMW6YJHbu7sAb6r0uUWeW"}
{"__ans__": 24.017750062609057, "question_key": "AAEAAEplEyiTY6tOs4WzkNCarAn1Zw0Nin2Phc0/PiUB6kID"}
{"__ans__": 40.338332921479214, "question_key": "AAEAAGsK2AFF77Mtg/QgxU86ag/zAGV/vBf+xFPsqwyTxat3"}
{"__ans__": 17.27877283613933, "question_key": "AAEAAJVTRxpRwTWps66SxW9/+HtpnhW0mj7+t4mJOvM3HuZK"}
{"__ans__": 20.109792669401976, "question_key": "AAEAAAGbBZtY1Kz/IrrDcI7sPChMAaGRDJ3yJlEc3sc5UwYM"}
{"__ans__": 37.44790248906218, "question_key": "AAEAABug8W9HlOX0QCRhBc9Xs6Dr443tS8WVzrVtCNt5pluT"}
{"__ans__": 28.247684397554927, "question_key": "AAEAAPexnwmvWSbRalPHaFdyKNOFHVAP5z6qnXefj6RrGOop"}
{"__ans__": 21.13491840263649, "question_key": "AAEAAC3qSfRVha2ikAMDCinlWVZTvtALrkc2D2g3dmfBvBtU"}
{"__ans__": 42.32239937227569, "question_key": "AAEAAL4LosV+oiNyJ0FxQeOjrXd6tlFwfoPRrC+hgD1KWi9b"}
{"__ans__": 12.343293252559, "question_key": "AAEAAB0slAfuIgdKGFXhGJCYMjTpP89ZwOZ4q0JyldTAnrbB"}
{"__ans__": 35.285188446380076, "question_key": "AAEAAMJzgvG+JtXnV4ZsiNLiU+sng0TZXSqYWkR1D4LohNiU"}
{"__ans__": 24.71448406776892, "question_key": "AAEAACDCXoUZ15Sv8Qyn+TDt3dy7W8L6SbDzbkOQSS2APmeC"}
{"__ans__": 16.128991809768532, "question_key": "AAEAAKEzekVAODjLzAKcguRJkklAZ3JrO796cP5wXjjfuOXW"}
{"__ans__": 37.352961628748204, "question_key": "AAEAAEEqJkV0I2p1A5ijmg6jftXK930bLkSXcweinDfEf1t4"}
{"__ans__": 16.612082700108292, "question_key": "AAEAAMm/EJxSQ5Ec2Kp4WxYRC49mHU71XHPsUfhfS37WlreK"}
{"__ans__": 28.608114950804577, "question_key": "AAEAAFkpl9ywYTF0NjkfBC1fz0A5iRhTdR+jkG7RtX4SnXTy"}
{"__ans__": 38.82041245908513, "question_key": "AAEAAHXxYQrxtq42S3ufGzF9eCu5TfNuWlQvj8JKXu/HE2el"}
{"__ans__": 44.61248135863157, "question_key": "AAEAAOAuyDxmsULYXHUeT+RMVDigKUxWE4t5gB3qG2gGOENk"}
{"__ans__": 17.28225703035959, "question_key": "AAEAAGqr6ne/nDvOC6fYUmHj6Cjw//R0wwMOqx5vfJUBZavi"}
{"__ans__": 16.28346488782785, "question_key": "AAEAADprw4Utzw2t49EwbTg5mTLlJijYlx3lLp2YnueNB9e4"}
{"__ans__": 46.48726209523532, "question_key": "AAEAACkXs1qndUEW/5OnUiHf7lyGlZV567cPPSgU3W2aSTQ/"}
{"__ans__": 26.831531229421262, "question_key": "AAEAAH1XhcW6kcAm8JmBeqGMwGoMPQHmvsHu1ptqBhRYb436"}
{"__ans__": 31.99300653214665, "question_key": "AAEAAO3f2UHZkf5wWzD+bx6h9Z64dXzTw4ly9ayrvefspeW7"}
{"__ans__": 41.41367062784438, "question_key": "AAEAAFHGbsdMt6q969/iYtUP8qbnDMFIEvpVVcaAFRnCPqf/"}
{"__ans__": 14.894295526682196, "question_key": "AAEAAC6KhysJTdA+0kxBkZsQrFE7fmvk2waRawAYarLV0oBD"}
{"__ans__": 19.203580834894577, "question_key": "AAEAAEbl69dhi1Jmipt8YRb2OKF/Sp4p245ZN80rph5blt+A"}
{"__ans__": 38.37093892958895, "question_key": "AAEAAGG+2v3eRlPwVGk3Y8ZbTKgnv7UrKJ3o4yt1bJjtUh9l"}
{"__ans__": 26.461340419043253, "question_key": "AAEAAAQRvMUIK4PrO+Oz+s0Jhfyu7nDg5daeI1ac4KOdhnOu"}
{"__ans__": 25.26389916380874, "question_key": "AAEAAKsNGtEQqWdb2OZZzhLQB1Fs4kBIVQEOQaSfODiOWBg9"}
{"__ans__": 42.498620895566106, "question_key": "AAEAAGNxFjtVzzrxbjniq52nzqu2f0bSoUXUk9Owr/+IkNnu"}
{"__ans__": 28.844890180356522, "question_key": "AAEAAGEkJR3Q9HWubyXJ39n37CppMIWohLM8+YHrvR2ZwQVI"}
{"__ans__": 24.55714027200435, "question_key": "AAEAAPeflV6276OarhSl2VlrRGqjxwyhRrSieA92nRque5/y"}
{"__ans__": 27.777747137012838, "question_key": "AAEAAKQfMK1v3PMQhvHoZetZ11qLBR11whZelP8hMhXFzP2j"}
{"__ans__": 19.51295145016979, "question_key": "AAEAAOr8bEZZHyxmstKQzr69zaoztDJrtEDIhzc8NI3K3EYS"}
{"__ans__": 34.96489093225056, "question_key": "AAEAANHaoTtuPN1KkLy7Cm7bTAXdvcww42T0tdn2wgQWcdHM"}
{"__ans__": 8.808969063520811, "question_key": "AAEAAHr6lB1tqmfonzIbDEuzHBj8TvKRcFKkdyhR8rtBsvfn"}
{"__ans__": 49.51025629976363, "question_key": "AAEAAAbthgg6x9nd9XV7igvc5a+aMK0b0HnH+/YshfVc82nR"}
{"__ans__": 16.179458960600723, "question_key": "AAEAAHtkTn6mlW+GyLaErQQUNjxJQtqacqDzf1wAJKypmBt0"}
{"__ans__": 55.8506822184449, "question_key": "AAEAAHGUYrek5kAjRSoe52+okfpAhgNqXsZWpjcZfa4JZw0p"}
{"__ans__": 17.52216981091656, "question_key": "AAEAAHmIe1hgFrjlJfafjVmPwgtVPJSAaf37FkwdFvcCREaL"}
{"__ans__": 12.546504315233493, "question_key": "AAEAADwfWO/7R6+LEUpCpumo1ubXbVdBel1W+l+Dqwhs8sRG"}
{"__ans__": 17.4714934695667, "question_key": "AAEAAFNLOCrZ1n+a8tfS80lxpMCJ7blOYtHPVIU3DPYhTMio"}
{"__ans__": 28.428118816611462, "question_key": "AAEAAJFTRbrb3VZZ3zYCD51qqxiY4KXLMNL1kGjfLfTxxsao"}
{"__ans__": 21.86110582200249, "question_key": "AAEAAGYM0IX+jpV6ndc8pVNJfoLjjkrznTl2SHmkZ8eW1/1D"}
{"__ans__": 42.54148290008385, "question_key": "AAEAABNKK29RZ1BIIVUD3ye94YzozK/KlTzfD+Ot+LBxOha+"}
{"__ans__": 32.41017440153823, "question_key": "AAEAAHJriErOFE8joG4nVvD+mT3My+8lXD2TULQ1IF//wupe"}
{"__ans__": 25.523328256295596, "question_key": "AAEAAFZHvquR4rhYbPYQqQ+D4vWo/mxHp5VYLp8pOan/Ww5P"}
{"__ans__": 48.87516646991968, "question_key": "AAEAAHPxz10JGwvwwE0BiatVAm3Dd1RLGW2jHU7oW5coXR4+"}
{"__ans__": 32.066907391902745, "question_key": "AAEAADXMKaeQ9qfiJ+ih1OzN/2aJn7Py9ybvDle2Ai4ubsvR"}
{"__ans__": 10.479089682806839, "question_key": "AAEAAD4R6A5ybLCZMej2eUxUCX+R5wmMjDyNYhWug64Db1hj"}
{"__ans__": 12.51579941055858, "question_key": "AAEAACjw9R+m+gAIVayXtuwBPTZvlsS29mEB/hkH9QiE9ia/"}
{"__ans__": 32.969282150369565, "question_key": "AAEAAGTM+rAGB0BbopzT/E7lFLHDyPgMi7yGCtRe7iDkTrgw"}
{"__ans__": 42.304753038680175, "question_key": "AAEAACPytGRTTgCSZqvcS6irbrk+pgFGV7/ofH20qrV3VGpn"}
{"__ans__": 21.30303518420372, "question_key": "AAEAAAXVEc+XsUlGIeJC2TBTH58XDawpOqGr8FsP7JsyEGfH"}
{"__ans__": 29.032116087104487, "question_key": "AAEAACsYNaUkKbaFmlZ4LrTMZTcQRASFTfg2I4Xqm2B9mh0Z"}
{"__ans__": 29.0936630360993, "question_key": "AAEAAL72VGvCNtLf+KZVwM76kPFqMDqK5hx7V+TBIYk3Q48B"}
{"__ans__": 18.393216299448557, "question_key": "AAEAAJmxisoG2+SbwNejljXKxwL4F3wBWZxccad2euJJkGDR"}
{"__ans__": 23.863203704607585, "question_key": "AAEAAFzJO1XVMtZ61zFO+153J+OHKLkEvnh5cNev+/6UxfZ7"}
{"__ans__": 9.963720974463923, "question_key": "AAEAAHkjRCX/3XlUcIJe0zNa78NYHhv+PLosxp66OPhd2md0"}
{"__ans__": 44.181184818555366, "question_key": "AAEAAIeNxeTo9XW+Vl8zg7wiD38iTn9KSkedpdBznYVX5auJ"}
{"__ans__": 27.913527777819677, "question_key": "AAEAAKFev1IYGy3dC5vduNzr/o9S6I7ehXzovhwvtxpOkXrZ"}
{"__ans__": 66.14111322560026, "question_key": "AAEAAGMAnB0T/U/JNRTWp7RsYE8ZPgvzqrZg90T3n4QO8Bzo"}
{"__ans__": 17.53341488368218, "question_key": "AAEAAHxYEquFY9L4P8CGgff8VUa5cQeMFjMEgCeL2DlDIqwt"}
{"__ans__": 14.209624229261076, "question_key": "AAEAAOjStaV/bXN0hwXZkP4e0lullIMxarMGL5D9gxHaEBej"}
{"__ans__": 15.692122548638542, "question_key": "AAEAADIvHgL5VLF2CHCDpoXnGXeC5SNLcv6oXlNR5AiT6HO2"}
{"__ans__": 14.707806855624954, "question_key": "AAEAAHB/bq8eOYpBPRRYjqs+wNoc8k89K5Ec8RqqyPKU4Zlv"}
{"__ans__": 34.51230322770127, "question_key": "AAEAAO+XOeAiI5unR9uFey6JFLLDdt8dLAUVSAABIe+5v25M"}
{"__ans__": 40.748461631352704, "question_key": "AAEAABfcUpjSHNW6kusIkXg8TJlSRVP6uc0IzmhQFt576O2Z"}
{"__ans__": 33.818606365728826, "question_key": "AAEAAAvt3i4yTf3evYUct5QoEQv5YfN+mZS4LGX0On61xu3S"}
{"__ans__": 25.685855042611095, "question_key": "AAEAANk6EcLgWyD8Os/AIRNevNY8INn6p2LfOxyB+K5DuNxG"}
{"__ans__": 19.665229052595272, "question_key": "AAEAAFA6omQ0HT3IkdqgLbcd6hO5TNu+PqB23HoDHm2xum2g"}
{"__ans__": 39.443319702021505, "question_key": "AAEAAM7y33jwmr1Ap4gkXNvXEcJCfg3xkp33dKwqUyBK6oO1"}
{"__ans__": 7.511060076183474, "question_key": "AAEAAIW3UBFJbcURhmlFnhEXMC7MH74nBYtZ9KjksUWfjNl7"}
{"__ans__": 21.066576825594296, "question_key": "AAEAABHCw+rfGAD/SfH77CKBxStYvJRI7kGN2eCj7pnuvlAy"}
{"__ans__": 18.821231640625225, "question_key": "AAEAAGqjGP7QcM/jWM8Q5XEi7F0ZUNy2MAx0p4qCfQuCG5Ph"}
{"__ans__": 12.824576259398421, "question_key": "AAEAAHXTkjNqfE9w569lC43pkbCxWIjQMneiZ9c8EEW+dZLK"}
{"__ans__": 10.238040322869663, "question_key": "AAEAAKnkNvORH9QERj0QNpBqPJICRnWH3owMpJmEjokE0X+s"}
{"__ans__": 9.758603544465391, "question_key": "AAEAADuDAoQCCD/q+jxtOZj09N5l7bac+VWjcWZvo4jcMeEy"}
{"__ans__": 15.525708015497978, "question_key": "AAEAAGUAtauCcSMvqaY39NnubJ89mweP2SJb7okIQsG81egM"}
{"__ans__": 21.759163959164933, "question_key": "AAEAAPfn6LYzfIkcZJmZ32MyiliFn8ft/p/lEI4qF11TewZ+"}
{"__ans__": 40.69221057819014, "question_key": "AAEAAJa0/umX8609hh+PdNMGO60/kyG8tTl9u/i+qkVVEFoe"}
{"__ans__": 20.843244121220287, "question_key": "AAEAAL7BVVsmfum1YwOfdGlM2GrywoeKxoZCc2lzLLFZ5uwS"}
{"__ans__": 56.18564651167806, "question_key": "AAEAAHENyZH9BIfHC3NfyhLMSS1Djp0i9OOdiBL5yL16KHNN"}
{"__ans__": 31.590403111178105, "question_key": "AAEAALfIypaFUM83vwjKyGJKiVGAaFtSiO4NnyIaplfsGakW"}
{"__ans__": 15.983958982049467, "question_key": "AAEAAJgAT2iS8YLkVVVtXHTKsYnOI7QOYW3ZUUESY+Wk11Rk"}
{"__ans__": 20.13547912093698, "question_key": "AAEAAB3l4wL8LGtW4pVX0wsjZLB2y0Gn7FDTfB74HfX8GUOJ"}
{"__ans__": 19.7265485319665, "question_key": "AAEAADp8t5d/7vKG/GOmW4Eeb+ivhW1i38qpHF60gLZA+ZaQ"}
{"__ans__": 19.65681938667286, "question_key": "AAEAALBYiFzom1PZxEn+nI+Lmxfdxn73m6nL+77TkCs5er1S"}
{"__ans__": 9.743595145005678, "question_key": "AAEAAO/dnS4ddjZRneFKsxSwBjrcp7EJHTuDGHEXWawcHgXc"}
{"__ans__": 34.99466005557435, "question_key": "AAEAAKW315j00xR6WjOMXY9tXI/YOl5kep7OlY4Q3SR3o+cN"}
{"__ans__": 12.390180571330552, "question_key": "AAEAAC8WB+km28TU+VlSzQeB4+j1LoofHH3XqycmchZvu0wD"}
{"__ans__": 46.75549804265975, "question_key": "AAEAAPx/oQ7dEB1S/f3itwKAVCtmUsV9zY71aPtsvfsZL6Bl"}
{"__ans__": 38.34043967445673, "question_key": "AAEAAAsyLKEyVbL5VwKYxvq/CG/ZK1I22LSu25cOYsjf+82V"}
{"__ans__": 26.578518389297713, "question_key": "AAEAAKvGVtMkGbz72aGPv96Vn74vKc4LHeABDXolejoe0sIW"}
{"__ans__": 47.63096435893458, "question_key": "AAEAADcF5vxu6QcZscRsJZz6mXLDzxzXdC2wAisjw0FO9HoP"}
{"__ans__": 21.98279570017435, "question_key": "AAEAAOvJ6ujM2gx0w9UXVIAvCuTgssQaBf+DrNhxV6JeAO9R"}
{"__ans__": 62.54305424358633, "question_key": "AAEAALMpxqIYqz4YHM0JV4QD0qkhB/9YrKzeXw4cgeBN3IYj"}
{"__ans__": 41.48236652681045, "question_key": "AAEAAKYNJ+1j8D2ijyflluSrUM6Wmy3NlKMV0xseXG2xTuTe"}
{"__ans__": 10.51809945958499, "question_key": "AAEAABE8XXmDbW5XLhBdryc9Gq+s/wsXScNapAC4MAickDDV"}
{"__ans__": 50.8729014609686, "question_key": "AAEAACklqFSHNgGPCpAu4ql16Zpr87qC5Xmf6Gh8eRyvTOvE"}
{"__ans__": 35.96681208761464, "question_key": "AAEAAPxwnZfKAe9lvNfotsV7j3n/wK31ZiInHviWI1VHT77P"}
{"__ans__": 54.0623811678774, "question_key": "AAEAAK0Rql1WqsJl6qTxpBQo/4VXPWlBSP5gIqpHSm9RazaY"}
{"__ans__": 19.73315293994294, "question_key": "AAEAAMHAbhb3aEefDOWlCn2i3xdHnSvVMWFLBRc7LUtXgOOy"}
{"__ans__": 81.25997847296144, "question_key": "AAEAANK3N5vpMGctWRPzUp8Jx0wCrDwhLFbTT1rB1RYfs0nG"}
{"__ans__": 62.03996210025543, "question_key": "AAEAACXeserO+5PqpQhRdfiee4db//hpZEBXAH1zLFqBVxVC"}
{"__ans__": 3.8008422930008536, "question_key": "AAEAAAjINTJvyw0dyIdVhtfdiC96YhuBDkr+aiftFuuuHWyb"}
{"__ans__": 14.799141937864775, "question_key": "AAEAAAKCoFBrLiRRpjvhcwqMtKKjRZpLEdwlmy7f8LxplcTq"}
{"__ans__": 13.474743876302798, "question_key": "AAEAACk7FmoJbLL61fg8EfKwdL+ZZiXZepofMkI8Yjwz6HIA"}
{"__ans__": 38.18103101620216, "question_key": "AAEAAK1PfQ1aH2oqUA7TbmVYTmX0F6x/HZ06Ta6CRyc7k4x/"}
{"__ans__": 29.182994218819317, "question_key": "AAEAAAMAHfhBmhBcdzF26xq4+1DVWRrczycihYz665wRl1rz"}
{"__ans__": 29.372819098023065, "question_key": "AAEAAHlASqy4Gb3xbrPtco2FoQPqbpmOxq5i1O3GcARaK81K"}
{"__ans__": 14.384516173637671, "question_key": "AAEAAGZKyly8tnbO0aR4o8txqII28h3f+cryL7X+bd0ojSir"}
{"__ans__": 26.06977907753353, "question_key": "AAEAAMn9AWMhM9qfs8ltKjSbi3fnbW3+arlX0TLBWYkG17qy"}
{"__ans__": 35.89542835253241, "question_key": "AAEAAO499QOZnxd9+KuR5xHNhVbzyKfO3joIMUCUMZ0IWL6d"}
{"__ans__": 74.82619183109134, "question_key": "AAEAAMBAZbcpqxF+KbLbVMOmGvLHKnjBPS7ibevPVpIbND5Q"}
{"__ans__": 70.14864160007166, "question_key": "AAEAAIho17u7Z6lUlddFwPhCpHrovpBa3vG2n+bCmuPpblL+"}
{"__ans__": 13.107265460748781, "question_key": "AAEAAE0lcy6mFNzkTPpcXauSWhLdMY5es8yr0HpXXLaX14jG"}
{"__ans__": 20.45294038749026, "question_key": "AAEAAAFWKKeQd5d+H0FtXGAhdkAq3i2P0hzQiuR1MQXoFmdv"}
{"__ans__": 24.698942094364792, "question_key": "AAEAANkGh3Dxf81zB8XS88nqYAV//Ly0CA37L621eK4o70E+"}
{"__ans__": 35.47791386523846, "question_key": "AAEAACl6yk+YizIVVZGfJSMPEwgzi8g9GGKqkoYA+eRo7ira"}
{"__ans__": 34.46927855504853, "question_key": "AAEAACJz+4tLPzitdndYTpF7MH0Qa8gaTqrqTtsD3toxB/iq"}
{"__ans__": 37.75091368305965, "question_key": "AAEAAGlnNDhR60Na58zYqWpG2VMbRY3jDkuK2x1Z50TJC+SJ"}
{"__ans__": 12.48225832527134, "question_key": "AAEAAMoUZrrpt2FH2i4+C4VDFNwNlrGLAvRTIih1I9cLl4rB"}
{"__ans__": 14.191687211555791, "question_key": "AAEAAAAcZcpS5Ac+ZjoVoBPHBXtK8ndMPam9qpleVdd/Xp3X"}
{"__ans__": 11.372676002309284, "question_key": "AAEAAB2zndpdcxqB4AETPV9q+sq1rGsaZBxD1gYIGAZMa/sH"}
{"__ans__": 33.36899599719586, "question_key": "AAEAAHKa7uFp5pqGheTmaG9sOR/lF9S+8oMTO/W0A93ikgCW"}
{"__ans__": 8.871364231359237, "question_key": "AAEAAMaM+2SJZC1Qc+AVSWpG0FzQI3fNWtdFKQhq2qrq4l2G"}
{"__ans__": 42.92144624585552, "question_key": "AAEAAJupwCKB3iwWjY/lXLiDP1rqIhCAupEU6roovS/UI1dm"}
{"__ans__": 48.11975021799076, "question_key": "AAEAABb9Yf/P6lCR/0YfeM8ndH3f3do6lxAw5QaP5V8Yn9l/"}
{"__ans__": 42.08060594411217, "question_key": "AAEAANLdNYnvYDxgxFH36Zpzr43X44bDddIHEYEPMQfS6ZvZ"}
{"__ans__": 22.00293595084992, "question_key": "AAEAAGpN5LBnHIW8AABmuMUhiH+2gdlfkqKoL3kVYM/+Hgi/"}
{"__ans__": 27.213148993742248, "question_key": "AAEAAG1k/xvWFCPiB1phmJUYxmvDDJyGuKXwWeyzWPZLsk3j"}
{"__ans__": 34.23732424568289, "question_key": "AAEAAIz0dHvxJQG5cmnx6lsc+xrTLdSxz/xLK37yV654mqWI"}
{"__ans__": 16.755197402483752, "question_key": "AAEAAAv6gjgE0jEuBcjXd5O8cws+Jo4BiY7zhvsEG83cAH0I"}
{"__ans__": 44.115178935766465, "question_key": "AAEAAK9Xm/+ot7sYjPLQ32dADdqkb8sIU/DjgcFsug97IJ8i"}
{"__ans__": 16.04695077767437, "question_key": "AAEAAJmyybeSQDzSCeUZvCO/640qyp4gOdQSp4cNlZbSWlvr"}
{"__ans__": 65.80322909941985, "question_key": "AAEAAC/2UEdDTuByr/VANOojz7H33mdtIUwuhsy9acqQINs3"}
{"__ans__": 19.86088429615225, "question_key": "AAEAAI/1sgWQJ8t6tptgrfljNTgiWFD+gXgDOLIW1P7EK7JR"}
{"__ans__": 35.508924719818346, "question_key": "AAEAAIYHqZDXRCeoX0ImTqSCGiiz9G3GE7gaNKwyBCAPZZdB"}
{"__ans__": 17.693141344397773, "question_key": "AAEAAJUXno+Zr2E3gTF6Oxqugj/KiHM9vFrR/oV5sPKUsZ6s"}
{"__ans__": 29.28385293850642, "question_key": "AAEAAF8Z7kLORENas16qfpOQVNTuyWSuOHhzWHd7UFxQEcVk"}
{"__ans__": 9.27131717847063, "question_key": "AAEAAA/7SJoKM2JdT/9scnFfywVFLJPtFDp1bjLVU+xyoiVm"}
{"__ans__": 43.530066589151296, "question_key": "AAEAADkJ5zEGChYNPQLDMXo4Yj9FNM9Kzsl+QZupTrkJFs6H"}
{"__ans__": 19.019772513310965, "question_key": "AAEAAOVJDsLIEE+NaNQpzhidyFfOV5dqgKCdjuFnRWAxylFn"}
{"__ans__": 29.957913882576516, "question_key": "AAEAAKJcStWGEbRyG+SgpLoMZA4tID7ijo4grUy1VHkmJD1d"}
{"__ans__": 26.710153240499462, "question_key": "AAEAAMphNJ8RRFv3s4k7QSMIUQOKl9s4s0LyyQxPAQPfS5OZ"}
{"__ans__": 36.14902197031132, "question_key": "AAEAAMuh+emh+hSuwi42K7IUVNZR+Xl9QdYVu3j/nob1rB4G"}
{"__ans__": 19.043766132636215, "question_key": "AAEAAEY4lJ5ZSKVyFWe/R54BqIALn73S3PqsCXwRXvU45fbu"}
{"__ans__": 13.720376678050544, "question_key": "AAEAAIiquoy8fud4eaveRKqQTg4RZSRHLhnLKkBW14H4zLui"}
{"__ans__": 14.162471587356709, "question_key": "AAEAABUNZmFzdbkBGjE/iIl3LIn4Q2h6FWKunWHR2Z9pD6WI"}
{"__ans__": 50.00250931916661, "question_key": "AAEAABmb9pwUQC2sUBX19RVV1HAHufnTj3Shq7R14Q4oA1/o"}
{"__ans__": 11.19726445564003, "question_key": "AAEAAH76nZdZYTNYiTe6Q1qLtp3akqrYXSj9NdXHvX2Fdo0g"}
{"__ans__": 15.326628154305086, "question_key": "AAEAAINDjwnyfOnqp8bZHDQE9De8NJW0TxHK+40GmudueE2S"}
{"__ans__": 44.75306279871614, "question_key": "AAEAANKZoVAStkAatc5hJOZE86i3PRXvf6qCuREYO+XQs2A9"}
{"__ans__": 23.922908468332672, "question_key": "AAEAABH0NsUM+NB5QS8zyELGXKZKZQiOjqKZFAiI+XpTf9He"}
{"__ans__": 34.36027100819883, "question_key": "AAEAAKgCj3sbdpKkkXdxJBW3lNQi4WQA72EfDqeoqTM0ZSap"}
{"__ans__": 21.805966832046504, "question_key": "AAEAAGn6E/AlyLjhQPhNTLAIk6UThKGcPwEkuqQJwyDveq0H"}
{"__ans__": 16.797384343218543, "question_key": "AAEAAGGTI+Prt0w+N1cYw6kWyzIu+jysCniO0N8cF+RK6Zhi"}
{"__ans__": 12.596361304674597, "question_key": "AAEAAGVdLc+U5/K22iEClREFVkYRo3luw4csA9HBjh0uY0rU"}
{"__ans__": 29.24505227719907, "question_key": "AAEAAPXHs9N2Fs/jAYzrQHg6tzJC7BRZ6gFcHHu3RWvVaCZj"}
{"__ans__": 45.99157104240544, "question_key": "AAEAAHmuro2e3ZIQtQqBjNDR4fhSlkWbR9cDUgPAy7Yzc7mz"}
{"__ans__": 20.65392009905496, "question_key": "AAEAAN0J1LJNQr0Zi/F84Us/uEPhgK1/TJfA0AuTVRMokzZx"}
{"__ans__": 19.23034574484675, "question_key": "AAEAADgn1P2jPx9PYePgPt5/9M1wlcCjURxKpZO3xO8ylPMl"}
{"__ans__": 17.34925371547225, "question_key": "AAEAAChnrQn0HtcP5okLrXQAZPbNRjHY5ZB5cj4CUtXxVfcl"}
{"__ans__": 20.907526567678563, "question_key": "AAEAAM+OiKbjGu5DbaGSkOH4JJ9mzRq9JY1y83CjOf2qmqnl"}
{"__ans__": 24.20793994666561, "question_key": "AAEAAIzErJrpR8p2T6UDmh25kt+DwjOl8wBUliS9gRxPHukP"}
{"__ans__": 24.306098806295267, "question_key": "AAEAAPeIZq3ZV3Ie8yHfu/H3GTsntZTTaegPjo8kHNyGGY/i"}
{"__ans__": 34.773096732115576, "question_key": "AAEAAOI2lqA5ywMgKC5P3VIhDjdF9XclSmdyl/uasuZuRRpx"}
{"__ans__": 17.551777770820426, "question_key": "AAEAABV8cqsgtoGaKVw2/XjHihLRm5sKjGdLa6Q+chXDc7HF"}
{"__ans__": 69.32732290319568, "question_key": "AAEAADJhRE3ohvEFebNzrq2y+E2lYNuxGVY4a99te5WhGOx/"}
{"__ans__": 50.70882056849424, "question_key": "AAEAANI+flEJfvs44JU1ohB2P5Y4o2L+7uZ2HY297+uXmroy"}
{"__ans__": 46.81584302908599, "question_key": "AAEAAGT+Xr6iRmIXSxjMyK8EvAf1cKDDq7XIzdRo8pIqaKCk"}
{"__ans__": 40.67187682539045, "question_key": "AAEAAOvK6vq/lu99IWD/BqIokAsUhJ3KEuuCCyUfB+g/amTX"}
{"__ans__": 22.789107118069875, "question_key": "AAEAAJoKj0mKjuKtjPc4sxsErsw6C3X+YrxEj1NFJRlabnd9"}
{"__ans__": 10.293383395344332, "question_key": "AAEAAKT8/8kDkTlYFiqlww1Ds9eMg22wnsvYGXT4Ljb0/2qR"}
{"__ans__": 9.097011977954487, "question_key": "AAEAAD1/9zjTTDAG9bHU8rdoWQdTRQj0RfmLqNNn7BvEk+Xw"}
{"__ans__": 28.093639110858966, "question_key": "AAEAAB/9ntlYqlPZbwVIEujDpA861BCV1B5P0AXAizsq25qW"}
{"__ans__": 33.77987566755215, "question_key": "AAEAAFTSnq4E/MTqDlwD26mTW1pavtxbJPuJYwvpt32RkbUO"}
{"__ans__": 18.930419308588288, "question_key": "AAEAAAzcR4FpswRt0VGkz+z7fio0kXyZNfZOHPEq67wpAS9Y"}
{"__ans__": 22.526474326060786, "question_key": "AAEAAGOlaX0I9lPTU9w1S7o34PwJ7BaFN92FBYJHkm51GEVV"}
{"__ans__": 39.52495584240067, "question_key": "AAEAAMn/p8JazTGCk/N3weFqfdDp/N/KaX+ksrla8kqxPEZJ"}
{"__ans__": 21.238122738607725, "question_key": "AAEAAL0RcmK0cCo7J4FCUR0vdj3Njk4aJpNqyf+RdVlKX0V1"}
{"__ans__": 29.569430565439735, "question_key": "AAEAAO5NpFNbR+I2K81glBkZIcLZrYrsdl2HawJjVwfTCHo8"}
{"__ans__": 12.612384458245165, "question_key": "AAEAADK/nISdzLt1gNjpfGB9Zo3GAQez5oWlNFhZYulKE3gA"}
{"__ans__": 29.832259155693855, "question_key": "AAEAAEOk3M6/Vewe5g8dgFYif5Sj4cMLTpfjquqA1zLZNFBB"}
{"__ans__": 120.60972005578016, "question_key": "AAEAALImKyb+C/XrYu2MTIj0Gkr7G0m8M2cmhtG9BiA380zQ"}
{"__ans__": 98.19064767021982, "question_key": "AAEAAGqlU2dAZRrA6P4I39J0V9H1pnqZ3noJWyQCYBzuD/kW"}
{"__ans__": 28.50150218839611, "question_key": "AAEAAJeO2QvlOytmKWodLZMporTJnsAtEb6nUEfwPeR1/tJf"}
{"__ans__": 21.030861334125472, "question_key": "AAEAAHFOkP/Fk6c8LcGT4YU5dws9ssGx9EUGCJb1GWZfVwMZ"}
{"__ans__": 34.97686273776642, "question_key": "AAEAAEvR+MVbb5CYg1W4ppYSiurFjNvyVCcPvySiJp8iC9OF"}
{"__ans__": 17.53140973694088, "question_key": "AAEAAEj3khkJwLgQpGiRH1rCPwXmBmnZfL/tGBIozHMNZuKH"}
{"__ans__": 16.339586891123382, "question_key": "AAEAANF7QlrfPOkiq+rG2wVseXWmdmg6C1bnLRHfV4y5V7sL"}
{"__ans__": 16.551245044570823, "question_key": "AAEAABAuaTgmAY88+5u2w5lzhM4z+6Qe4j1zrvz9ORCyI4vR"}
{"__ans__": 15.533144203928403, "question_key": "AAEAAGLm3gD/KUySlQVB9EBoq3UyMZrsqpVTw55EJ6Sc8qrf"}
{"__ans__": 14.930297056637293, "question_key": "AAEAAHGuWBvRmTnjDPnNh7cZlRo9kg5b+5JTboSPK5Rw/rbo"}
{"__ans__": 24.250434406930005, "question_key": "AAEAAKY8HTeG1T0EjEQt5kKCeuEpb/gY2HQ/V4JESjoskyeD"}
{"__ans__": 53.89849641137303, "question_key": "AAEAAHmfgyW/cdz3fNedOrBfSUABaEThitfrfLJrGxnAof1b"}
{"__ans__": 23.133503094648443, "question_key": "AAEAAO7DRM4+d3yzHMWc3t5wsqWaOFGDYMsoY+o0jaIgHZKG"}
{"__ans__": 21.78914958289, "question_key": "AAEAAJpfvmNiAgdqpJTZv+iDJ+B6cM8PS7RBMansnzqY2zGd"}
{"__ans__": 10.870280579181157, "question_key": "AAEAAL86iUCeQ4XorD4gIcKcDu+fyyTE9jZoiwwNZ2RLI4uE"}
{"__ans__": 15.36272306462955, "question_key": "AAEAAD7vnuL23Tbn3aJ2Qbx6faX5GZcgc5nnnaY2HugIDhOz"}
{"__ans__": 38.14601672506935, "question_key": "AAEAAAWlSCnjm8gaExU7Ct679/cwj5r9hgu8lksU3KGekm4E"}
{"__ans__": 15.751171639067904, "question_key": "AAEAAN1i7OfX873EP/5tMg/f41O3zT0VesYpn6hw1CPP8WAD"}
{"__ans__": 12.362348641291296, "question_key": "AAEAAE+Y84kCDN+eIpV8Ssw2MrLQKKmKlxNeLEXS+D9X0fjv"}
{"__ans__": 30.738469550987986, "question_key": "AAEAAKE9r2jDZqyeC8fHmM923I0AY1ATbEEmU/quYkevqCTC"}
